[2022-07-15 12:59:08] WARNING (root/Thread-2) The OGB package is out of date. Your version is 1.3.2, while the latest version is 1.3.3.
time cost 6.172121286392212 s
(T) | Epoch=0001, loss=9.2901, loss_hard=0.0000
time cost 3.0244617462158203 s
(T) | Epoch=0002, loss=0.0000, loss_hard=-9.1027
time cost 2.837165594100952 s
(T) | Epoch=0003, loss=9.0940, loss_hard=0.0000
time cost 2.9329068660736084 s
(T) | Epoch=0004, loss=0.0000, loss_hard=-9.2379
time cost 2.9591526985168457 s
(T) | Epoch=0005, loss=9.2421, loss_hard=0.0000
time cost 2.9826459884643555 s
(T) | Epoch=0006, loss=0.0000, loss_hard=-8.7762
time cost 2.8575961589813232 s
(T) | Epoch=0007, loss=8.8225, loss_hard=0.0000
time cost 2.9149651527404785 s
(T) | Epoch=0008, loss=0.0000, loss_hard=-8.4379
time cost 2.8893113136291504 s
(T) | Epoch=0009, loss=8.4555, loss_hard=0.0000
time cost 2.864140748977661 s
(T) | Epoch=0010, loss=0.0000, loss_hard=-8.1917
time cost 2.8531906604766846 s
(T) | Epoch=0011, loss=8.1947, loss_hard=0.0000
time cost 2.9265570640563965 s
(T) | Epoch=0012, loss=0.0000, loss_hard=-8.1143
time cost 2.873845338821411 s
(T) | Epoch=0013, loss=7.9922, loss_hard=0.0000
time cost 2.735991954803467 s
(T) | Epoch=0014, loss=0.0000, loss_hard=-8.1292
time cost 2.759589672088623 s
(T) | Epoch=0015, loss=8.0097, loss_hard=0.0000
time cost 3.0709590911865234 s
(T) | Epoch=0016, loss=0.0000, loss_hard=-8.0485
time cost 2.884361743927002 s
(T) | Epoch=0017, loss=7.9581, loss_hard=0.0000
time cost 3.0087387561798096 s
(T) | Epoch=0018, loss=0.0000, loss_hard=-8.2178
time cost 2.825160503387451 s
(T) | Epoch=0019, loss=8.0002, loss_hard=0.0000
time cost 2.742220640182495 s
(T) | Epoch=0020, loss=0.0000, loss_hard=-7.9239
time cost 2.7906248569488525 s
(T) | Epoch=0021, loss=7.9173, loss_hard=0.0000
time cost 2.7497501373291016 s
(T) | Epoch=0022, loss=0.0000, loss_hard=-7.9186
time cost 2.833171844482422 s
(T) | Epoch=0023, loss=7.8970, loss_hard=0.0000
time cost 2.7340445518493652 s
(T) | Epoch=0024, loss=0.0000, loss_hard=-7.9018
time cost 2.7944183349609375 s
(T) | Epoch=0025, loss=7.8952, loss_hard=0.0000
time cost 2.7398581504821777 s
(T) | Epoch=0026, loss=0.0000, loss_hard=-7.7995
time cost 2.7259693145751953 s
(T) | Epoch=0027, loss=7.8223, loss_hard=0.0000
time cost 2.7868752479553223 s
(T) | Epoch=0028, loss=0.0000, loss_hard=-7.8582
time cost 2.814948797225952 s
(T) | Epoch=0029, loss=7.8622, loss_hard=0.0000
time cost 2.8123769760131836 s
(T) | Epoch=0030, loss=0.0000, loss_hard=-7.7974
time cost 2.947683334350586 s
(T) | Epoch=0031, loss=7.7786, loss_hard=0.0000
time cost 2.858158826828003 s
(T) | Epoch=0032, loss=0.0000, loss_hard=-7.7892
time cost 2.902308940887451 s
(T) | Epoch=0033, loss=7.7840, loss_hard=0.0000
time cost 2.9051785469055176 s
(T) | Epoch=0034, loss=0.0000, loss_hard=-7.7816
time cost 2.767770290374756 s
(T) | Epoch=0035, loss=7.8237, loss_hard=0.0000
time cost 2.8423783779144287 s
(T) | Epoch=0036, loss=0.0000, loss_hard=-7.7996
time cost 2.888561725616455 s
(T) | Epoch=0037, loss=7.7612, loss_hard=0.0000
time cost 2.967684030532837 s
(T) | Epoch=0038, loss=0.0000, loss_hard=-7.7372
time cost 2.9931704998016357 s
(T) | Epoch=0039, loss=7.7375, loss_hard=0.0000
time cost 3.0119481086730957 s
(T) | Epoch=0040, loss=0.0000, loss_hard=-7.7071
time cost 2.917186737060547 s
(T) | Epoch=0041, loss=7.7355, loss_hard=0.0000
time cost 3.0220706462860107 s
(T) | Epoch=0042, loss=0.0000, loss_hard=-7.7513
time cost 2.8028602600097656 s
(T) | Epoch=0043, loss=7.8050, loss_hard=0.0000
time cost 2.902738571166992 s
(T) | Epoch=0044, loss=0.0000, loss_hard=-7.7134
time cost 3.1014797687530518 s
(T) | Epoch=0045, loss=7.7788, loss_hard=0.0000
time cost 2.872714042663574 s
(T) | Epoch=0046, loss=0.0000, loss_hard=-7.6985
time cost 2.871309518814087 s
(T) | Epoch=0047, loss=7.6967, loss_hard=0.0000
time cost 3.0289556980133057 s
(T) | Epoch=0048, loss=0.0000, loss_hard=-7.7127
time cost 2.8312432765960693 s
(T) | Epoch=0049, loss=7.7308, loss_hard=0.0000
time cost 2.8626294136047363 s
(T) | Epoch=0050, loss=0.0000, loss_hard=-7.7623
time cost 2.913550615310669 s
(T) | Epoch=0051, loss=7.7605, loss_hard=0.0000
time cost 2.868039608001709 s
(T) | Epoch=0052, loss=0.0000, loss_hard=-7.6895
time cost 3.021250009536743 s
(T) | Epoch=0053, loss=7.7489, loss_hard=0.0000
time cost 2.8208255767822266 s
(T) | Epoch=0054, loss=0.0000, loss_hard=-7.7131
time cost 2.863895893096924 s
(T) | Epoch=0055, loss=7.6865, loss_hard=0.0000
time cost 2.9431543350219727 s
(T) | Epoch=0056, loss=0.0000, loss_hard=-7.6793
time cost 2.9304256439208984 s
(T) | Epoch=0057, loss=7.8700, loss_hard=0.0000
time cost 2.8651487827301025 s
(T) | Epoch=0058, loss=0.0000, loss_hard=-7.6782
time cost 3.12530517578125 s
(T) | Epoch=0059, loss=7.6781, loss_hard=0.0000
time cost 2.9524734020233154 s
(T) | Epoch=0060, loss=0.0000, loss_hard=-7.7132
time cost 2.964792013168335 s
(T) | Epoch=0061, loss=7.7027, loss_hard=0.0000
time cost 2.9003517627716064 s
(T) | Epoch=0062, loss=0.0000, loss_hard=-7.7352
time cost 2.8992159366607666 s
(T) | Epoch=0063, loss=7.7473, loss_hard=0.0000
time cost 3.1392247676849365 s
(T) | Epoch=0064, loss=0.0000, loss_hard=-7.6774
time cost 2.7632229328155518 s
(T) | Epoch=0065, loss=7.6822, loss_hard=0.0000
time cost 2.782426357269287 s
(T) | Epoch=0066, loss=0.0000, loss_hard=-7.6687
time cost 2.7361416816711426 s
(T) | Epoch=0067, loss=7.7388, loss_hard=0.0000
time cost 3.024780750274658 s
(T) | Epoch=0068, loss=0.0000, loss_hard=-7.6776
time cost 2.97609806060791 s
(T) | Epoch=0069, loss=7.6705, loss_hard=0.0000
time cost 2.902141809463501 s
(T) | Epoch=0070, loss=0.0000, loss_hard=-7.6838
time cost 2.959656238555908 s
(T) | Epoch=0071, loss=7.6952, loss_hard=0.0000
time cost 2.926748275756836 s
(T) | Epoch=0072, loss=0.0000, loss_hard=-7.6985
time cost 2.7831170558929443 s
(T) | Epoch=0073, loss=7.7823, loss_hard=0.0000
time cost 2.8719117641448975 s
(T) | Epoch=0074, loss=0.0000, loss_hard=-7.6776
time cost 2.9161171913146973 s
(T) | Epoch=0075, loss=7.6643, loss_hard=0.0000
time cost 2.991318941116333 s
(T) | Epoch=0076, loss=0.0000, loss_hard=-7.6837
time cost 2.913139581680298 s
(T) | Epoch=0077, loss=7.7045, loss_hard=0.0000
time cost 2.8425352573394775 s
(T) | Epoch=0078, loss=0.0000, loss_hard=-7.6959
time cost 3.0236475467681885 s
(T) | Epoch=0079, loss=7.7520, loss_hard=0.0000
time cost 2.8032844066619873 s
(T) | Epoch=0080, loss=0.0000, loss_hard=-7.6909
time cost 2.7798380851745605 s
(T) | Epoch=0081, loss=7.6864, loss_hard=0.0000
time cost 2.7062366008758545 s
(T) | Epoch=0082, loss=0.0000, loss_hard=-7.6967
time cost 2.8299567699432373 s
(T) | Epoch=0083, loss=7.6753, loss_hard=0.0000
time cost 2.884214162826538 s
(T) | Epoch=0084, loss=0.0000, loss_hard=-7.6477
time cost 2.830024003982544 s
(T) | Epoch=0085, loss=7.6701, loss_hard=0.0000
time cost 2.9346728324890137 s
(T) | Epoch=0086, loss=0.0000, loss_hard=-7.6738
time cost 2.920006275177002 s
(T) | Epoch=0087, loss=7.6862, loss_hard=0.0000
time cost 3.248060941696167 s
(T) | Epoch=0088, loss=0.0000, loss_hard=-7.6540
time cost 2.7583258152008057 s
(T) | Epoch=0089, loss=7.6482, loss_hard=0.0000
time cost 2.7594330310821533 s
(T) | Epoch=0090, loss=0.0000, loss_hard=-7.6454
time cost 2.7464680671691895 s
(T) | Epoch=0091, loss=7.6735, loss_hard=0.0000
time cost 2.7878901958465576 s
(T) | Epoch=0092, loss=0.0000, loss_hard=-7.7350
time cost 2.846480131149292 s
(T) | Epoch=0093, loss=7.6439, loss_hard=0.0000
time cost 2.926988124847412 s
(T) | Epoch=0094, loss=0.0000, loss_hard=-7.6503
time cost 2.8615684509277344 s
(T) | Epoch=0095, loss=7.6628, loss_hard=0.0000
time cost 2.7642006874084473 s
(T) | Epoch=0096, loss=0.0000, loss_hard=-7.6698
time cost 2.7875750064849854 s
(T) | Epoch=0097, loss=7.6698, loss_hard=0.0000
time cost 2.7939860820770264 s
(T) | Epoch=0098, loss=0.0000, loss_hard=-7.6597
time cost 2.4480011463165283 s
(T) | Epoch=0099, loss=7.6753, loss_hard=0.0000
time cost 2.900974988937378 s
(T) | Epoch=0100, loss=0.0000, loss_hard=-7.6482
time cost 2.822744607925415 s
(T) | Epoch=0101, loss=7.6746, loss_hard=0.0000
time cost 2.8425567150115967 s
(T) | Epoch=0102, loss=0.0000, loss_hard=-7.7025
time cost 2.738085985183716 s
(T) | Epoch=0103, loss=7.6302, loss_hard=0.0000
time cost 2.8643112182617188 s
(T) | Epoch=0104, loss=0.0000, loss_hard=-7.6075
time cost 2.6377081871032715 s
(T) | Epoch=0105, loss=7.7223, loss_hard=0.0000
time cost 2.720813751220703 s
(T) | Epoch=0106, loss=0.0000, loss_hard=-7.6556
time cost 2.726454973220825 s
(T) | Epoch=0107, loss=7.6247, loss_hard=0.0000
time cost 2.7760510444641113 s
(T) | Epoch=0108, loss=0.0000, loss_hard=-7.6042
time cost 2.7302911281585693 s
(T) | Epoch=0109, loss=7.6226, loss_hard=0.0000
time cost 2.7347848415374756 s
(T) | Epoch=0110, loss=0.0000, loss_hard=-7.6343
time cost 2.7956016063690186 s
(T) | Epoch=0111, loss=7.6133, loss_hard=0.0000
time cost 2.8434505462646484 s
(T) | Epoch=0112, loss=0.0000, loss_hard=-7.5603
time cost 2.773122787475586 s
(T) | Epoch=0113, loss=7.5715, loss_hard=0.0000
time cost 2.8533217906951904 s
(T) | Epoch=0114, loss=0.0000, loss_hard=-7.5535
time cost 2.64007568359375 s
(T) | Epoch=0115, loss=7.5553, loss_hard=0.0000
time cost 2.8859472274780273 s
(T) | Epoch=0116, loss=0.0000, loss_hard=-7.5970
time cost 2.889070510864258 s
(T) | Epoch=0117, loss=7.6084, loss_hard=0.0000
time cost 2.933365821838379 s
(T) | Epoch=0118, loss=0.0000, loss_hard=-7.5822
time cost 2.8310370445251465 s
(T) | Epoch=0119, loss=7.5657, loss_hard=0.0000
time cost 2.74157977104187 s
(T) | Epoch=0120, loss=0.0000, loss_hard=-7.5480
time cost 2.909256935119629 s
(T) | Epoch=0121, loss=7.5676, loss_hard=0.0000
time cost 2.741607666015625 s
(T) | Epoch=0122, loss=0.0000, loss_hard=-7.5704
time cost 2.850686550140381 s
(T) | Epoch=0123, loss=7.6210, loss_hard=0.0000
time cost 2.870800256729126 s
(T) | Epoch=0124, loss=0.0000, loss_hard=-7.5698
time cost 2.7081191539764404 s
(T) | Epoch=0125, loss=7.5416, loss_hard=0.0000
time cost 2.8123574256896973 s
(T) | Epoch=0126, loss=0.0000, loss_hard=-7.5635
time cost 2.7377095222473145 s
(T) | Epoch=0127, loss=7.5303, loss_hard=0.0000
time cost 2.697538137435913 s
(T) | Epoch=0128, loss=0.0000, loss_hard=-7.5527
time cost 2.8169968128204346 s
(T) | Epoch=0129, loss=7.5283, loss_hard=0.0000
time cost 2.8326592445373535 s
(T) | Epoch=0130, loss=0.0000, loss_hard=-7.5280
time cost 2.7798023223876953 s
(T) | Epoch=0131, loss=7.5341, loss_hard=0.0000
time cost 2.7653253078460693 s
(T) | Epoch=0132, loss=0.0000, loss_hard=-7.5122
time cost 2.7033450603485107 s
(T) | Epoch=0133, loss=7.5383, loss_hard=0.0000
time cost 2.816931962966919 s
(T) | Epoch=0134, loss=0.0000, loss_hard=-7.5615
time cost 2.754558563232422 s
(T) | Epoch=0135, loss=7.5850, loss_hard=0.0000
time cost 2.7477948665618896 s
(T) | Epoch=0136, loss=0.0000, loss_hard=-7.5263
time cost 3.302140474319458 s
(T) | Epoch=0137, loss=7.4922, loss_hard=0.0000
time cost 3.0076382160186768 s
(T) | Epoch=0138, loss=0.0000, loss_hard=-7.5233
time cost 2.927899122238159 s
(T) | Epoch=0139, loss=7.5644, loss_hard=0.0000
time cost 3.0801937580108643 s
(T) | Epoch=0140, loss=0.0000, loss_hard=-7.5038
time cost 2.8466763496398926 s
(T) | Epoch=0141, loss=7.4975, loss_hard=0.0000
time cost 2.7635457515716553 s
(T) | Epoch=0142, loss=0.0000, loss_hard=-7.5040
time cost 2.781517744064331 s
(T) | Epoch=0143, loss=7.5015, loss_hard=0.0000
time cost 2.726306676864624 s
(T) | Epoch=0144, loss=0.0000, loss_hard=-7.5130
time cost 2.847559690475464 s
(T) | Epoch=0145, loss=7.5120, loss_hard=0.0000
time cost 2.807753086090088 s
(T) | Epoch=0146, loss=0.0000, loss_hard=-7.5218
time cost 2.803633213043213 s
(T) | Epoch=0147, loss=7.5503, loss_hard=0.0000
time cost 2.711190700531006 s
(T) | Epoch=0148, loss=0.0000, loss_hard=-7.4972
time cost 2.8649535179138184 s
(T) | Epoch=0149, loss=7.5030, loss_hard=0.0000
time cost 2.8440616130828857 s
(T) | Epoch=0150, loss=0.0000, loss_hard=-7.4955
time cost 2.7763826847076416 s
(T) | Epoch=0151, loss=7.5002, loss_hard=0.0000
time cost 2.74661922454834 s
(T) | Epoch=0152, loss=0.0000, loss_hard=-7.4998
time cost 2.876652717590332 s
(T) | Epoch=0153, loss=7.4948, loss_hard=0.0000
time cost 2.9624667167663574 s
(T) | Epoch=0154, loss=0.0000, loss_hard=-7.4957
time cost 2.823270320892334 s
(T) | Epoch=0155, loss=7.4935, loss_hard=0.0000
time cost 2.7321512699127197 s
(T) | Epoch=0156, loss=0.0000, loss_hard=-7.5251
time cost 2.7625715732574463 s
(T) | Epoch=0157, loss=7.5261, loss_hard=0.0000
time cost 2.881511688232422 s
(T) | Epoch=0158, loss=0.0000, loss_hard=-7.4742
time cost 2.5931620597839355 s
(T) | Epoch=0159, loss=7.4841, loss_hard=0.0000
time cost 2.71650767326355 s
(T) | Epoch=0160, loss=0.0000, loss_hard=-7.4941
time cost 2.8523218631744385 s
(T) | Epoch=0161, loss=7.4857, loss_hard=0.0000
time cost 2.712853193283081 s
(T) | Epoch=0162, loss=0.0000, loss_hard=-7.4761
time cost 2.786520004272461 s
(T) | Epoch=0163, loss=7.4868, loss_hard=0.0000
time cost 2.7771873474121094 s
(T) | Epoch=0164, loss=0.0000, loss_hard=-7.4757
time cost 2.82822322845459 s
(T) | Epoch=0165, loss=7.5109, loss_hard=0.0000
time cost 2.836728572845459 s
(T) | Epoch=0166, loss=0.0000, loss_hard=-7.4741
time cost 2.793124198913574 s
(T) | Epoch=0167, loss=7.4927, loss_hard=0.0000
time cost 2.772752046585083 s
(T) | Epoch=0168, loss=0.0000, loss_hard=-7.4976
time cost 2.6247646808624268 s
(T) | Epoch=0169, loss=7.4950, loss_hard=0.0000
time cost 2.8372490406036377 s
(T) | Epoch=0170, loss=0.0000, loss_hard=-7.4609
time cost 2.711210250854492 s
(T) | Epoch=0171, loss=7.4615, loss_hard=0.0000
time cost 2.7626426219940186 s
(T) | Epoch=0172, loss=0.0000, loss_hard=-7.4919
time cost 2.788975954055786 s
(T) | Epoch=0173, loss=7.4953, loss_hard=0.0000
time cost 2.6930572986602783 s
(T) | Epoch=0174, loss=0.0000, loss_hard=-7.5271
time cost 2.861353635787964 s
(T) | Epoch=0175, loss=7.4583, loss_hard=0.0000
time cost 2.894530773162842 s
(T) | Epoch=0176, loss=0.0000, loss_hard=-7.4429
time cost 2.8877944946289062 s
(T) | Epoch=0177, loss=7.5166, loss_hard=0.0000
time cost 2.702326774597168 s
(T) | Epoch=0178, loss=0.0000, loss_hard=-7.4799
time cost 2.7264983654022217 s
(T) | Epoch=0179, loss=7.4584, loss_hard=0.0000
time cost 2.7871713638305664 s
(T) | Epoch=0180, loss=0.0000, loss_hard=-7.4444
time cost 3.057032346725464 s
(T) | Epoch=0181, loss=7.4695, loss_hard=0.0000
time cost 2.8412222862243652 s
(T) | Epoch=0182, loss=0.0000, loss_hard=-7.4590
time cost 2.803837537765503 s
(T) | Epoch=0183, loss=7.4378, loss_hard=0.0000
time cost 2.7858805656433105 s
(T) | Epoch=0184, loss=0.0000, loss_hard=-7.4505
time cost 2.743356466293335 s
(T) | Epoch=0185, loss=7.4552, loss_hard=0.0000
time cost 2.59818434715271 s
(T) | Epoch=0186, loss=0.0000, loss_hard=-7.4490
time cost 2.74054217338562 s
(T) | Epoch=0187, loss=7.4463, loss_hard=0.0000
time cost 2.784212112426758 s
(T) | Epoch=0188, loss=0.0000, loss_hard=-7.4297
time cost 2.807955503463745 s
(T) | Epoch=0189, loss=7.4327, loss_hard=0.0000
time cost 2.709212303161621 s
(T) | Epoch=0190, loss=0.0000, loss_hard=-7.4218
time cost 2.7734575271606445 s
(T) | Epoch=0191, loss=7.4429, loss_hard=0.0000
time cost 2.845278739929199 s
(T) | Epoch=0192, loss=0.0000, loss_hard=-7.4795
time cost 2.795109748840332 s
(T) | Epoch=0193, loss=7.4091, loss_hard=0.0000
time cost 2.6871142387390137 s
(T) | Epoch=0194, loss=0.0000, loss_hard=-7.4412
time cost 2.6403894424438477 s
(T) | Epoch=0195, loss=7.4278, loss_hard=0.0000
time cost 2.731433391571045 s
(T) | Epoch=0196, loss=0.0000, loss_hard=-7.4471
time cost 2.82126522064209 s
(T) | Epoch=0197, loss=7.4154, loss_hard=0.0000
time cost 2.8867225646972656 s
(T) | Epoch=0198, loss=0.0000, loss_hard=-7.4252
time cost 2.6761114597320557 s
(T) | Epoch=0199, loss=7.4245, loss_hard=0.0000
time cost 2.777339458465576 s
(T) | Epoch=0200, loss=0.0000, loss_hard=-7.4582
time cost 2.656421422958374 s
(T) | Epoch=0201, loss=7.4148, loss_hard=0.0000
time cost 2.7237486839294434 s
(T) | Epoch=0202, loss=0.0000, loss_hard=-7.4069
time cost 2.7048637866973877 s
(T) | Epoch=0203, loss=7.4145, loss_hard=0.0000
time cost 2.829521417617798 s
(T) | Epoch=0204, loss=0.0000, loss_hard=-7.3953
time cost 2.704160213470459 s
(T) | Epoch=0205, loss=7.4633, loss_hard=0.0000
time cost 2.7250547409057617 s
(T) | Epoch=0206, loss=0.0000, loss_hard=-7.4205
time cost 2.6933083534240723 s
(T) | Epoch=0207, loss=7.4002, loss_hard=0.0000
time cost 2.891965866088867 s
(T) | Epoch=0208, loss=0.0000, loss_hard=-7.4029
time cost 2.7308149337768555 s
(T) | Epoch=0209, loss=7.4296, loss_hard=0.0000
time cost 2.6224656105041504 s
(T) | Epoch=0210, loss=0.0000, loss_hard=-7.4020
time cost 2.7348439693450928 s
(T) | Epoch=0211, loss=7.4313, loss_hard=0.0000
time cost 2.8022196292877197 s
(T) | Epoch=0212, loss=0.0000, loss_hard=-7.4265
time cost 2.7660367488861084 s
(T) | Epoch=0213, loss=7.3956, loss_hard=0.0000
time cost 2.9580838680267334 s
(T) | Epoch=0214, loss=0.0000, loss_hard=-7.4105
time cost 2.5738420486450195 s
(T) | Epoch=0215, loss=7.4163, loss_hard=0.0000
time cost 3.0204341411590576 s
(T) | Epoch=0216, loss=0.0000, loss_hard=-7.3784
time cost 3.2566912174224854 s
(T) | Epoch=0217, loss=7.3910, loss_hard=0.0000
time cost 2.953932285308838 s
(T) | Epoch=0218, loss=0.0000, loss_hard=-7.3838
time cost 3.0775063037872314 s
(T) | Epoch=0219, loss=7.4165, loss_hard=0.0000
time cost 2.7743663787841797 s
(T) | Epoch=0220, loss=0.0000, loss_hard=-7.4052
time cost 2.710144519805908 s
(T) | Epoch=0221, loss=7.4094, loss_hard=0.0000
time cost 2.824659824371338 s
(T) | Epoch=0222, loss=0.0000, loss_hard=-7.3900
time cost 2.880220651626587 s
(T) | Epoch=0223, loss=7.3940, loss_hard=0.0000
time cost 2.743466377258301 s
(T) | Epoch=0224, loss=0.0000, loss_hard=-7.3957
time cost 2.7641148567199707 s
(T) | Epoch=0225, loss=7.3809, loss_hard=0.0000
time cost 2.7002182006835938 s
(T) | Epoch=0226, loss=0.0000, loss_hard=-7.3993
time cost 2.7722151279449463 s
(T) | Epoch=0227, loss=7.4334, loss_hard=0.0000
time cost 2.75919246673584 s
(T) | Epoch=0228, loss=0.0000, loss_hard=-7.4294
time cost 2.777313709259033 s
(T) | Epoch=0229, loss=7.4152, loss_hard=0.0000
time cost 2.7992095947265625 s
(T) | Epoch=0230, loss=0.0000, loss_hard=-7.4672
time cost 2.716444969177246 s
(T) | Epoch=0231, loss=7.4215, loss_hard=0.0000
time cost 2.826732873916626 s
(T) | Epoch=0232, loss=0.0000, loss_hard=-7.3669
time cost 2.75699782371521 s
(T) | Epoch=0233, loss=7.3773, loss_hard=0.0000
time cost 2.7484848499298096 s
(T) | Epoch=0234, loss=0.0000, loss_hard=-7.4049
time cost 2.800342559814453 s
(T) | Epoch=0235, loss=7.4187, loss_hard=0.0000
time cost 2.7272911071777344 s
(T) | Epoch=0236, loss=0.0000, loss_hard=-7.3681
time cost 2.8209593296051025 s
(T) | Epoch=0237, loss=7.4107, loss_hard=0.0000
time cost 2.9633960723876953 s
(T) | Epoch=0238, loss=0.0000, loss_hard=-7.3775
time cost 2.728853464126587 s
(T) | Epoch=0239, loss=7.3696, loss_hard=0.0000
time cost 2.8170459270477295 s
(T) | Epoch=0240, loss=0.0000, loss_hard=-7.3998
time cost 2.793184995651245 s
(T) | Epoch=0241, loss=7.3673, loss_hard=0.0000
time cost 2.89140248298645 s
(T) | Epoch=0242, loss=0.0000, loss_hard=-7.4029
time cost 2.738525152206421 s
(T) | Epoch=0243, loss=7.3583, loss_hard=0.0000
time cost 2.754256010055542 s
(T) | Epoch=0244, loss=0.0000, loss_hard=-7.3654
time cost 2.8078739643096924 s
(T) | Epoch=0245, loss=7.4330, loss_hard=0.0000
time cost 2.7542805671691895 s
(T) | Epoch=0246, loss=0.0000, loss_hard=-7.3732
time cost 2.8950483798980713 s
(T) | Epoch=0247, loss=7.3487, loss_hard=0.0000
time cost 2.7614123821258545 s
(T) | Epoch=0248, loss=0.0000, loss_hard=-7.3440
time cost 2.776066541671753 s
(T) | Epoch=0249, loss=7.4201, loss_hard=0.0000
time cost 2.8283438682556152 s
(T) | Epoch=0250, loss=0.0000, loss_hard=-7.3653
time cost 2.9717397689819336 s
(T) | Epoch=0251, loss=7.3802, loss_hard=0.0000
time cost 2.8996102809906006 s
(T) | Epoch=0252, loss=0.0000, loss_hard=-7.3683
time cost 2.947131633758545 s
(T) | Epoch=0253, loss=7.3362, loss_hard=0.0000
time cost 2.821481943130493 s
(T) | Epoch=0254, loss=0.0000, loss_hard=-7.3564
time cost 2.7730307579040527 s
(T) | Epoch=0255, loss=7.3583, loss_hard=0.0000
time cost 2.744236707687378 s
(T) | Epoch=0256, loss=0.0000, loss_hard=-7.3897
time cost 2.7237539291381836 s
(T) | Epoch=0257, loss=7.3566, loss_hard=0.0000
time cost 2.710139274597168 s
(T) | Epoch=0258, loss=0.0000, loss_hard=-7.3617
time cost 2.8112967014312744 s
(T) | Epoch=0259, loss=7.3444, loss_hard=0.0000
time cost 2.7887380123138428 s
(T) | Epoch=0260, loss=0.0000, loss_hard=-7.3420
time cost 2.9761669635772705 s
(T) | Epoch=0261, loss=7.3412, loss_hard=0.0000
time cost 2.7313344478607178 s
(T) | Epoch=0262, loss=0.0000, loss_hard=-7.3271
time cost 2.7327473163604736 s
(T) | Epoch=0263, loss=7.3252, loss_hard=0.0000
time cost 2.680379867553711 s
(T) | Epoch=0264, loss=0.0000, loss_hard=-7.3436
time cost 3.0498998165130615 s
(T) | Epoch=0265, loss=7.3538, loss_hard=0.0000
time cost 2.7801153659820557 s
(T) | Epoch=0266, loss=0.0000, loss_hard=-7.3558
time cost 2.7254369258880615 s
(T) | Epoch=0267, loss=7.3124, loss_hard=0.0000
time cost 3.0149810314178467 s
(T) | Epoch=0268, loss=0.0000, loss_hard=-7.3270
time cost 2.8037209510803223 s
(T) | Epoch=0269, loss=7.3262, loss_hard=0.0000
time cost 2.7373108863830566 s
(T) | Epoch=0270, loss=0.0000, loss_hard=-7.3064
time cost 2.6265246868133545 s
(T) | Epoch=0271, loss=7.3562, loss_hard=0.0000
time cost 2.835556745529175 s
(T) | Epoch=0272, loss=0.0000, loss_hard=-7.3050
time cost 2.7518813610076904 s
(T) | Epoch=0273, loss=7.3211, loss_hard=0.0000
time cost 2.950404405593872 s
(T) | Epoch=0274, loss=0.0000, loss_hard=-7.3059
time cost 2.8840181827545166 s
(T) | Epoch=0275, loss=7.3241, loss_hard=0.0000
time cost 2.853870153427124 s
(T) | Epoch=0276, loss=0.0000, loss_hard=-7.2981
time cost 2.7620816230773926 s
(T) | Epoch=0277, loss=7.3233, loss_hard=0.0000
time cost 2.799147844314575 s
(T) | Epoch=0278, loss=0.0000, loss_hard=-7.2975
time cost 2.7363181114196777 s
(T) | Epoch=0279, loss=7.3088, loss_hard=0.0000
time cost 2.6993117332458496 s
(T) | Epoch=0280, loss=0.0000, loss_hard=-7.2952
time cost 2.8086061477661133 s
(T) | Epoch=0281, loss=7.3149, loss_hard=0.0000
time cost 2.543491840362549 s
(T) | Epoch=0282, loss=0.0000, loss_hard=-7.2978
time cost 2.7925803661346436 s
(T) | Epoch=0283, loss=7.2873, loss_hard=0.0000
time cost 2.8089654445648193 s
(T) | Epoch=0284, loss=0.0000, loss_hard=-7.3040
time cost 2.767145872116089 s
(T) | Epoch=0285, loss=7.3514, loss_hard=0.0000
time cost 2.7487735748291016 s
(T) | Epoch=0286, loss=0.0000, loss_hard=-7.2903
time cost 2.7172210216522217 s
(T) | Epoch=0287, loss=7.2915, loss_hard=0.0000
time cost 2.745435953140259 s
(T) | Epoch=0288, loss=0.0000, loss_hard=-7.3029
time cost 2.669952869415283 s
(T) | Epoch=0289, loss=7.2916, loss_hard=0.0000
time cost 2.795367956161499 s
(T) | Epoch=0290, loss=0.0000, loss_hard=-7.3463
time cost 2.6783480644226074 s
(T) | Epoch=0291, loss=7.3038, loss_hard=0.0000
time cost 2.7000937461853027 s
(T) | Epoch=0292, loss=0.0000, loss_hard=-7.2765
time cost 2.7561912536621094 s
(T) | Epoch=0293, loss=7.2958, loss_hard=0.0000
time cost 2.6931347846984863 s
(T) | Epoch=0294, loss=0.0000, loss_hard=-7.2797
time cost 2.741145133972168 s
(T) | Epoch=0295, loss=7.2798, loss_hard=0.0000
time cost 2.9674272537231445 s
(T) | Epoch=0296, loss=0.0000, loss_hard=-7.2645
time cost 2.7283260822296143 s
(T) | Epoch=0297, loss=7.2682, loss_hard=0.0000
time cost 2.4311776161193848 s
(T) | Epoch=0298, loss=0.0000, loss_hard=-7.2856
time cost 2.8021960258483887 s
(T) | Epoch=0299, loss=7.2694, loss_hard=0.0000
time cost 2.7275915145874023 s
(T) | Epoch=0300, loss=0.0000, loss_hard=-7.2700
time cost 2.799680709838867 s
(T) | Epoch=0301, loss=7.2771, loss_hard=0.0000
time cost 2.7299842834472656 s
(T) | Epoch=0302, loss=0.0000, loss_hard=-7.2627
time cost 2.776409149169922 s
(T) | Epoch=0303, loss=7.3228, loss_hard=0.0000
time cost 2.7358267307281494 s
(T) | Epoch=0304, loss=0.0000, loss_hard=-7.2684
time cost 2.7373459339141846 s
(T) | Epoch=0305, loss=7.2738, loss_hard=0.0000
time cost 2.784379243850708 s
(T) | Epoch=0306, loss=0.0000, loss_hard=-7.2844
time cost 2.0737218856811523 s
(T) | Epoch=0307, loss=7.2668, loss_hard=0.0000
time cost 2.7706570625305176 s
(T) | Epoch=0308, loss=0.0000, loss_hard=-7.2641
time cost 2.488154172897339 s
(T) | Epoch=0309, loss=7.2735, loss_hard=0.0000
time cost 2.760370969772339 s
(T) | Epoch=0310, loss=0.0000, loss_hard=-7.2958
time cost 2.742234230041504 s
(T) | Epoch=0311, loss=7.2733, loss_hard=0.0000
time cost 2.691636085510254 s
(T) | Epoch=0312, loss=0.0000, loss_hard=-7.2980
time cost 2.7277681827545166 s
(T) | Epoch=0313, loss=7.2833, loss_hard=0.0000
time cost 2.751114845275879 s
(T) | Epoch=0314, loss=0.0000, loss_hard=-7.2445
time cost 2.7397959232330322 s
(T) | Epoch=0315, loss=7.2470, loss_hard=0.0000
time cost 2.8107504844665527 s
(T) | Epoch=0316, loss=0.0000, loss_hard=-7.2538
time cost 2.766131639480591 s
(T) | Epoch=0317, loss=7.2864, loss_hard=0.0000
time cost 2.7953128814697266 s
(T) | Epoch=0318, loss=0.0000, loss_hard=-7.2753
time cost 2.7116589546203613 s
(T) | Epoch=0319, loss=7.2518, loss_hard=0.0000
time cost 2.713221311569214 s
(T) | Epoch=0320, loss=0.0000, loss_hard=-7.2620
time cost 2.760929584503174 s
(T) | Epoch=0321, loss=7.2631, loss_hard=0.0000
time cost 2.7059125900268555 s
(T) | Epoch=0322, loss=0.0000, loss_hard=-7.2565
time cost 2.7044687271118164 s
(T) | Epoch=0323, loss=7.2677, loss_hard=0.0000
time cost 2.727097511291504 s
(T) | Epoch=0324, loss=0.0000, loss_hard=-7.2592
time cost 2.5187911987304688 s
(T) | Epoch=0325, loss=7.2547, loss_hard=0.0000
time cost 2.3923752307891846 s
(T) | Epoch=0326, loss=0.0000, loss_hard=-7.2707
time cost 2.766402244567871 s
(T) | Epoch=0327, loss=7.2488, loss_hard=0.0000
time cost 2.235417366027832 s
(T) | Epoch=0328, loss=0.0000, loss_hard=-7.2644
time cost 2.1683402061462402 s
(T) | Epoch=0329, loss=7.2407, loss_hard=0.0000
time cost 2.695389747619629 s
(T) | Epoch=0330, loss=0.0000, loss_hard=-7.2449
time cost 2.6951684951782227 s
(T) | Epoch=0331, loss=7.2818, loss_hard=0.0000
time cost 2.821526050567627 s
(T) | Epoch=0332, loss=0.0000, loss_hard=-7.2221
time cost 2.9015204906463623 s
(T) | Epoch=0333, loss=7.2431, loss_hard=0.0000
time cost 2.708956718444824 s
(T) | Epoch=0334, loss=0.0000, loss_hard=-7.2271
time cost 2.727783679962158 s
(T) | Epoch=0335, loss=7.2640, loss_hard=0.0000
time cost 3.0680432319641113 s
(T) | Epoch=0336, loss=0.0000, loss_hard=-7.2393
time cost 2.7844085693359375 s
(T) | Epoch=0337, loss=7.2551, loss_hard=0.0000
time cost 2.7245001792907715 s
(T) | Epoch=0338, loss=0.0000, loss_hard=-7.2345
time cost 2.7902231216430664 s
(T) | Epoch=0339, loss=7.2668, loss_hard=0.0000
time cost 2.810803174972534 s
(T) | Epoch=0340, loss=0.0000, loss_hard=-7.2485
time cost 2.2948689460754395 s
(T) | Epoch=0341, loss=7.2665, loss_hard=0.0000
time cost 2.5734670162200928 s
(T) | Epoch=0342, loss=0.0000, loss_hard=-7.2204
time cost 2.6730306148529053 s
(T) | Epoch=0343, loss=7.2330, loss_hard=0.0000
time cost 2.715442657470703 s
(T) | Epoch=0344, loss=0.0000, loss_hard=-7.2272
time cost 2.7628791332244873 s
(T) | Epoch=0345, loss=7.2363, loss_hard=0.0000
time cost 2.7607343196868896 s
(T) | Epoch=0346, loss=0.0000, loss_hard=-7.2565
time cost 2.832378625869751 s
(T) | Epoch=0347, loss=7.2270, loss_hard=0.0000
time cost 2.74687123298645 s
(T) | Epoch=0348, loss=0.0000, loss_hard=-7.2626
time cost 2.6276443004608154 s
(T) | Epoch=0349, loss=7.2216, loss_hard=0.0000
time cost 2.9569506645202637 s
(T) | Epoch=0350, loss=0.0000, loss_hard=-7.2576
time cost 2.9197022914886475 s
(T) | Epoch=0351, loss=7.2104, loss_hard=0.0000
time cost 2.843113899230957 s
(T) | Epoch=0352, loss=0.0000, loss_hard=-7.2391
time cost 2.878363609313965 s
(T) | Epoch=0353, loss=7.2554, loss_hard=0.0000
time cost 2.799919843673706 s
(T) | Epoch=0354, loss=0.0000, loss_hard=-7.2215
time cost 2.7065911293029785 s
(T) | Epoch=0355, loss=7.2307, loss_hard=0.0000
time cost 2.770108938217163 s
(T) | Epoch=0356, loss=0.0000, loss_hard=-7.2434
time cost 2.8038039207458496 s
(T) | Epoch=0357, loss=7.2300, loss_hard=0.0000
time cost 2.751657485961914 s
(T) | Epoch=0358, loss=0.0000, loss_hard=-7.2524
time cost 2.7932870388031006 s
(T) | Epoch=0359, loss=7.2126, loss_hard=0.0000
time cost 2.7488436698913574 s
(T) | Epoch=0360, loss=0.0000, loss_hard=-7.2266
time cost 2.842313766479492 s
(T) | Epoch=0361, loss=7.2186, loss_hard=0.0000
time cost 2.745152235031128 s
(T) | Epoch=0362, loss=0.0000, loss_hard=-7.2101
time cost 2.7730484008789062 s
(T) | Epoch=0363, loss=7.2111, loss_hard=0.0000
time cost 2.7557551860809326 s
(T) | Epoch=0364, loss=0.0000, loss_hard=-7.2013
time cost 2.78743577003479 s
(T) | Epoch=0365, loss=7.2288, loss_hard=0.0000
time cost 2.771591901779175 s
(T) | Epoch=0366, loss=0.0000, loss_hard=-7.2079
time cost 2.836146116256714 s
(T) | Epoch=0367, loss=7.2136, loss_hard=0.0000
time cost 2.7506065368652344 s
(T) | Epoch=0368, loss=0.0000, loss_hard=-7.2309
time cost 2.7515969276428223 s
(T) | Epoch=0369, loss=7.2092, loss_hard=0.0000
time cost 2.744459390640259 s
(T) | Epoch=0370, loss=0.0000, loss_hard=-7.2048
time cost 2.679414987564087 s
(T) | Epoch=0371, loss=7.2018, loss_hard=0.0000
time cost 2.711862564086914 s
(T) | Epoch=0372, loss=0.0000, loss_hard=-7.2317
time cost 2.8851327896118164 s
(T) | Epoch=0373, loss=7.1957, loss_hard=0.0000
time cost 2.6874256134033203 s
(T) | Epoch=0374, loss=0.0000, loss_hard=-7.1993
time cost 2.8038952350616455 s
(T) | Epoch=0375, loss=7.1809, loss_hard=0.0000
time cost 2.7533185482025146 s
(T) | Epoch=0376, loss=0.0000, loss_hard=-7.1974
time cost 2.783249616622925 s
(T) | Epoch=0377, loss=7.2269, loss_hard=0.0000
time cost 3.0029544830322266 s
(T) | Epoch=0378, loss=0.0000, loss_hard=-7.1923
time cost 2.873974323272705 s
(T) | Epoch=0379, loss=7.1990, loss_hard=0.0000
time cost 2.7986655235290527 s
(T) | Epoch=0380, loss=0.0000, loss_hard=-7.2096
time cost 2.7378244400024414 s
(T) | Epoch=0381, loss=7.1901, loss_hard=0.0000
time cost 2.7554891109466553 s
(T) | Epoch=0382, loss=0.0000, loss_hard=-7.1841
time cost 2.779465436935425 s
(T) | Epoch=0383, loss=7.1994, loss_hard=0.0000
time cost 2.731682777404785 s
(T) | Epoch=0384, loss=0.0000, loss_hard=-7.2017
time cost 2.8514950275421143 s
(T) | Epoch=0385, loss=7.1963, loss_hard=0.0000
time cost 3.0723018646240234 s
(T) | Epoch=0386, loss=0.0000, loss_hard=-7.2118
time cost 2.7198500633239746 s
(T) | Epoch=0387, loss=7.1847, loss_hard=0.0000
time cost 2.7921011447906494 s
(T) | Epoch=0388, loss=0.0000, loss_hard=-7.2184
time cost 2.813932418823242 s
(T) | Epoch=0389, loss=7.2823, loss_hard=0.0000
time cost 2.7122230529785156 s
(T) | Epoch=0390, loss=0.0000, loss_hard=-7.2109
time cost 2.9169015884399414 s
(T) | Epoch=0391, loss=7.2116, loss_hard=0.0000
time cost 2.8396382331848145 s
(T) | Epoch=0392, loss=0.0000, loss_hard=-7.2030
time cost 2.8243625164031982 s
(T) | Epoch=0393, loss=7.2375, loss_hard=0.0000
time cost 2.780282497406006 s
(T) | Epoch=0394, loss=0.0000, loss_hard=-7.2310
time cost 2.8268027305603027 s
(T) | Epoch=0395, loss=7.1818, loss_hard=0.0000
time cost 2.758413553237915 s
(T) | Epoch=0396, loss=0.0000, loss_hard=-7.2172
time cost 2.7788705825805664 s
(T) | Epoch=0397, loss=7.2396, loss_hard=0.0000
time cost 2.790691375732422 s
(T) | Epoch=0398, loss=0.0000, loss_hard=-7.2189
time cost 2.6889548301696777 s
(T) | Epoch=0399, loss=7.2130, loss_hard=0.0000
time cost 2.6844375133514404 s
(T) | Epoch=0400, loss=0.0000, loss_hard=-7.2106
time cost 2.7989044189453125 s
(T) | Epoch=0401, loss=7.2275, loss_hard=0.0000
time cost 2.9292521476745605 s
(T) | Epoch=0402, loss=0.0000, loss_hard=-7.1896
time cost 2.8196136951446533 s
(T) | Epoch=0403, loss=7.1912, loss_hard=0.0000
time cost 2.8608334064483643 s
(T) | Epoch=0404, loss=0.0000, loss_hard=-7.1975
time cost 2.7542951107025146 s
(T) | Epoch=0405, loss=7.1878, loss_hard=0.0000
time cost 2.7121422290802 s
(T) | Epoch=0406, loss=0.0000, loss_hard=-7.1934
time cost 2.77793025970459 s
(T) | Epoch=0407, loss=7.1721, loss_hard=0.0000
time cost 2.8102235794067383 s
(T) | Epoch=0408, loss=0.0000, loss_hard=-7.1668
time cost 2.76010799407959 s
(T) | Epoch=0409, loss=7.1701, loss_hard=0.0000
time cost 2.9575436115264893 s
(T) | Epoch=0410, loss=0.0000, loss_hard=-7.2366
time cost 2.8027291297912598 s
(T) | Epoch=0411, loss=7.1936, loss_hard=0.0000
time cost 2.725005865097046 s
(T) | Epoch=0412, loss=0.0000, loss_hard=-7.1760
time cost 2.8415517807006836 s
(T) | Epoch=0413, loss=7.1842, loss_hard=0.0000
time cost 2.695655107498169 s
(T) | Epoch=0414, loss=0.0000, loss_hard=-7.1683
time cost 2.9800662994384766 s
(T) | Epoch=0415, loss=7.1932, loss_hard=0.0000
time cost 2.881420373916626 s
(T) | Epoch=0416, loss=0.0000, loss_hard=-7.1772
time cost 2.8015193939208984 s
(T) | Epoch=0417, loss=7.1970, loss_hard=0.0000
time cost 2.666696071624756 s
(T) | Epoch=0418, loss=0.0000, loss_hard=-7.1556
time cost 2.8546714782714844 s
(T) | Epoch=0419, loss=7.1661, loss_hard=0.0000
time cost 2.914175271987915 s
(T) | Epoch=0420, loss=0.0000, loss_hard=-7.2089
time cost 2.9836409091949463 s
(T) | Epoch=0421, loss=7.1846, loss_hard=0.0000
time cost 3.193340539932251 s
(T) | Epoch=0422, loss=0.0000, loss_hard=-7.2055
time cost 3.3950235843658447 s
(T) | Epoch=0423, loss=7.1698, loss_hard=0.0000
time cost 2.904547691345215 s
(T) | Epoch=0424, loss=0.0000, loss_hard=-7.1660
time cost 3.0322506427764893 s
(T) | Epoch=0425, loss=7.1664, loss_hard=0.0000
time cost 2.9989850521087646 s
(T) | Epoch=0426, loss=0.0000, loss_hard=-7.1753
time cost 3.2599785327911377 s
(T) | Epoch=0427, loss=7.1902, loss_hard=0.0000
time cost 2.9985909461975098 s
(T) | Epoch=0428, loss=0.0000, loss_hard=-7.1750
time cost 3.525496006011963 s
(T) | Epoch=0429, loss=7.2210, loss_hard=0.0000
time cost 2.8119101524353027 s
(T) | Epoch=0430, loss=0.0000, loss_hard=-7.1628
time cost 3.0291976928710938 s
(T) | Epoch=0431, loss=7.1513, loss_hard=0.0000
time cost 2.97206711769104 s
(T) | Epoch=0432, loss=0.0000, loss_hard=-7.1913
time cost 3.169934034347534 s
(T) | Epoch=0433, loss=7.1695, loss_hard=0.0000
time cost 2.9403932094573975 s
(T) | Epoch=0434, loss=0.0000, loss_hard=-7.1748
time cost 2.8908326625823975 s
(T) | Epoch=0435, loss=7.1665, loss_hard=0.0000
time cost 3.22835636138916 s
(T) | Epoch=0436, loss=0.0000, loss_hard=-7.1744
time cost 2.964996576309204 s
(T) | Epoch=0437, loss=7.1524, loss_hard=0.0000
time cost 2.9987869262695312 s
(T) | Epoch=0438, loss=0.0000, loss_hard=-7.1525
time cost 3.4791901111602783 s
(T) | Epoch=0439, loss=7.1582, loss_hard=0.0000
time cost 2.9842300415039062 s
(T) | Epoch=0440, loss=0.0000, loss_hard=-7.1900
time cost 3.4258534908294678 s
(T) | Epoch=0441, loss=7.1379, loss_hard=0.0000
time cost 2.8596463203430176 s
(T) | Epoch=0442, loss=0.0000, loss_hard=-7.1397
time cost 2.9071624279022217 s
(T) | Epoch=0443, loss=7.1361, loss_hard=0.0000
time cost 2.8014256954193115 s
(T) | Epoch=0444, loss=0.0000, loss_hard=-7.1693
time cost 2.9964981079101562 s
(T) | Epoch=0445, loss=7.1430, loss_hard=0.0000
time cost 3.159191370010376 s
(T) | Epoch=0446, loss=0.0000, loss_hard=-7.1677
time cost 3.199453592300415 s
(T) | Epoch=0447, loss=7.1710, loss_hard=0.0000
time cost 3.0664520263671875 s
(T) | Epoch=0448, loss=0.0000, loss_hard=-7.1497
time cost 3.018674612045288 s
(T) | Epoch=0449, loss=7.1399, loss_hard=0.0000
time cost 2.807785987854004 s
(T) | Epoch=0450, loss=0.0000, loss_hard=-7.1278
time cost 3.0412757396698 s
(T) | Epoch=0451, loss=7.1426, loss_hard=0.0000
time cost 2.991795301437378 s
(T) | Epoch=0452, loss=0.0000, loss_hard=-7.1505
time cost 2.8228535652160645 s
(T) | Epoch=0453, loss=7.1848, loss_hard=0.0000
time cost 2.981639862060547 s
(T) | Epoch=0454, loss=0.0000, loss_hard=-7.1609
time cost 2.886594533920288 s
(T) | Epoch=0455, loss=7.1581, loss_hard=0.0000
time cost 3.148740768432617 s
(T) | Epoch=0456, loss=0.0000, loss_hard=-7.1563
time cost 2.8501856327056885 s
(T) | Epoch=0457, loss=7.1694, loss_hard=0.0000
time cost 2.9665355682373047 s
(T) | Epoch=0458, loss=0.0000, loss_hard=-7.1526
time cost 3.0470495223999023 s
(T) | Epoch=0459, loss=7.1355, loss_hard=0.0000
time cost 3.0469911098480225 s
(T) | Epoch=0460, loss=0.0000, loss_hard=-7.1596
time cost 3.1497251987457275 s
(T) | Epoch=0461, loss=7.1431, loss_hard=0.0000
time cost 3.0332834720611572 s
(T) | Epoch=0462, loss=0.0000, loss_hard=-7.1563
time cost 2.995507001876831 s
(T) | Epoch=0463, loss=7.1420, loss_hard=0.0000
time cost 3.0602469444274902 s
(T) | Epoch=0464, loss=0.0000, loss_hard=-7.1204
time cost 2.980679988861084 s
(T) | Epoch=0465, loss=7.1540, loss_hard=0.0000
time cost 2.9395813941955566 s
(T) | Epoch=0466, loss=0.0000, loss_hard=-7.1418
time cost 3.0245962142944336 s
(T) | Epoch=0467, loss=7.1640, loss_hard=0.0000
time cost 3.164426565170288 s
(T) | Epoch=0468, loss=0.0000, loss_hard=-7.1498
time cost 2.9703638553619385 s
(T) | Epoch=0469, loss=7.1421, loss_hard=0.0000
time cost 3.0265774726867676 s
(T) | Epoch=0470, loss=0.0000, loss_hard=-7.1468
time cost 2.7742629051208496 s
(T) | Epoch=0471, loss=7.1341, loss_hard=0.0000
time cost 3.0395805835723877 s
(T) | Epoch=0472, loss=0.0000, loss_hard=-7.1572
time cost 2.8524789810180664 s
(T) | Epoch=0473, loss=7.1391, loss_hard=0.0000
time cost 2.808415174484253 s
(T) | Epoch=0474, loss=0.0000, loss_hard=-7.1579
time cost 3.0324339866638184 s
(T) | Epoch=0475, loss=7.1332, loss_hard=0.0000
time cost 2.949671745300293 s
(T) | Epoch=0476, loss=0.0000, loss_hard=-7.1260
time cost 3.0190517902374268 s
(T) | Epoch=0477, loss=7.1762, loss_hard=0.0000
time cost 3.126666307449341 s
(T) | Epoch=0478, loss=0.0000, loss_hard=-7.1325
time cost 2.95371675491333 s
(T) | Epoch=0479, loss=7.1469, loss_hard=0.0000
time cost 2.8326385021209717 s
(T) | Epoch=0480, loss=0.0000, loss_hard=-7.1225
time cost 3.2522120475769043 s
(T) | Epoch=0481, loss=7.1408, loss_hard=0.0000
time cost 2.96865177154541 s
(T) | Epoch=0482, loss=0.0000, loss_hard=-7.1353
time cost 2.9985191822052 s
(T) | Epoch=0483, loss=7.1440, loss_hard=0.0000
time cost 2.9340343475341797 s
(T) | Epoch=0484, loss=0.0000, loss_hard=-7.1346
time cost 2.8232460021972656 s
(T) | Epoch=0485, loss=7.1183, loss_hard=0.0000
time cost 2.8573389053344727 s
(T) | Epoch=0486, loss=0.0000, loss_hard=-7.1156
time cost 3.1226511001586914 s
(T) | Epoch=0487, loss=7.1276, loss_hard=0.0000
time cost 3.0015077590942383 s
(T) | Epoch=0488, loss=0.0000, loss_hard=-7.1475
time cost 3.1843361854553223 s
(T) | Epoch=0489, loss=7.1309, loss_hard=0.0000
time cost 3.014564037322998 s
(T) | Epoch=0490, loss=0.0000, loss_hard=-7.1097
time cost 2.8253438472747803 s
(T) | Epoch=0491, loss=7.1206, loss_hard=0.0000
time cost 3.114161252975464 s
(T) | Epoch=0492, loss=0.0000, loss_hard=-7.1220
time cost 2.903437614440918 s
(T) | Epoch=0493, loss=7.1237, loss_hard=0.0000
time cost 2.8730697631835938 s
(T) | Epoch=0494, loss=0.0000, loss_hard=-7.1200
time cost 2.8281843662261963 s
(T) | Epoch=0495, loss=7.1100, loss_hard=0.0000
time cost 2.795989513397217 s
(T) | Epoch=0496, loss=0.0000, loss_hard=-7.1155
time cost 3.0011117458343506 s
(T) | Epoch=0497, loss=7.1193, loss_hard=0.0000
time cost 3.348381519317627 s
(T) | Epoch=0498, loss=0.0000, loss_hard=-7.1317
time cost 3.4400594234466553 s
(T) | Epoch=0499, loss=7.1468, loss_hard=0.0000
time cost 2.9251890182495117 s
(T) | Epoch=0500, loss=0.0000, loss_hard=-7.1511
time cost 2.6430375576019287 s
(T) | Epoch=0501, loss=7.1255, loss_hard=0.0000
time cost 2.7800769805908203 s
(T) | Epoch=0502, loss=0.0000, loss_hard=-7.1151
time cost 2.7293906211853027 s
(T) | Epoch=0503, loss=7.1244, loss_hard=0.0000
time cost 2.7543513774871826 s
(T) | Epoch=0504, loss=0.0000, loss_hard=-7.1463
time cost 3.5752713680267334 s
(T) | Epoch=0505, loss=7.1366, loss_hard=0.0000
time cost 3.7096829414367676 s
(T) | Epoch=0506, loss=0.0000, loss_hard=-7.1065
time cost 3.2705934047698975 s
(T) | Epoch=0507, loss=7.1276, loss_hard=0.0000
time cost 3.665601968765259 s
(T) | Epoch=0508, loss=0.0000, loss_hard=-7.1158
time cost 4.002434968948364 s
(T) | Epoch=0509, loss=7.1054, loss_hard=0.0000
time cost 3.401195526123047 s
(T) | Epoch=0510, loss=0.0000, loss_hard=-7.1265
time cost 3.391875743865967 s
(T) | Epoch=0511, loss=7.1247, loss_hard=0.0000
time cost 3.0428524017333984 s
(T) | Epoch=0512, loss=0.0000, loss_hard=-7.1091
time cost 3.253469705581665 s
(T) | Epoch=0513, loss=7.1217, loss_hard=0.0000
time cost 3.3111507892608643 s
(T) | Epoch=0514, loss=0.0000, loss_hard=-7.1065
time cost 3.5947632789611816 s
(T) | Epoch=0515, loss=7.1288, loss_hard=0.0000
time cost 4.056321620941162 s
(T) | Epoch=0516, loss=0.0000, loss_hard=-7.1116
time cost 3.339876890182495 s
(T) | Epoch=0517, loss=7.1116, loss_hard=0.0000
time cost 3.463085412979126 s
(T) | Epoch=0518, loss=0.0000, loss_hard=-7.1218
time cost 4.009279251098633 s
(T) | Epoch=0519, loss=7.1167, loss_hard=0.0000
time cost 3.7703096866607666 s
(T) | Epoch=0520, loss=0.0000, loss_hard=-7.1185
time cost 3.5218589305877686 s
(T) | Epoch=0521, loss=7.1099, loss_hard=0.0000
time cost 3.0510292053222656 s
(T) | Epoch=0522, loss=0.0000, loss_hard=-7.1428
time cost 2.935006618499756 s
(T) | Epoch=0523, loss=7.1343, loss_hard=0.0000
time cost 3.0261523723602295 s
(T) | Epoch=0524, loss=0.0000, loss_hard=-7.1313
time cost 3.2118265628814697 s
(T) | Epoch=0525, loss=7.1464, loss_hard=0.0000
time cost 3.0792877674102783 s
(T) | Epoch=0526, loss=0.0000, loss_hard=-7.1139
time cost 3.270836591720581 s
(T) | Epoch=0527, loss=7.1055, loss_hard=0.0000
time cost 3.1911144256591797 s
(T) | Epoch=0528, loss=0.0000, loss_hard=-7.1785
time cost 3.1143200397491455 s
(T) | Epoch=0529, loss=7.1043, loss_hard=0.0000
time cost 2.924527168273926 s
(T) | Epoch=0530, loss=0.0000, loss_hard=-7.1078
time cost 3.2060673236846924 s
(T) | Epoch=0531, loss=7.1225, loss_hard=0.0000
time cost 2.937394142150879 s
(T) | Epoch=0532, loss=0.0000, loss_hard=-7.1070
time cost 3.106252670288086 s
(T) | Epoch=0533, loss=7.1299, loss_hard=0.0000
time cost 2.9484829902648926 s
(T) | Epoch=0534, loss=0.0000, loss_hard=-7.1327
time cost 3.311506986618042 s
(T) | Epoch=0535, loss=7.1781, loss_hard=0.0000
time cost 3.0847508907318115 s
(T) | Epoch=0536, loss=0.0000, loss_hard=-7.1297
time cost 2.9582507610321045 s
(T) | Epoch=0537, loss=7.1126, loss_hard=0.0000
time cost 3.219684362411499 s
(T) | Epoch=0538, loss=0.0000, loss_hard=-7.1329
time cost 2.9380762577056885 s
(T) | Epoch=0539, loss=7.1026, loss_hard=0.0000
time cost 3.056807518005371 s
(T) | Epoch=0540, loss=0.0000, loss_hard=-7.1319
time cost 3.0362815856933594 s
(T) | Epoch=0541, loss=7.1119, loss_hard=0.0000
time cost 2.9654362201690674 s
(T) | Epoch=0542, loss=0.0000, loss_hard=-7.1133
time cost 3.0502536296844482 s
(T) | Epoch=0543, loss=7.1202, loss_hard=0.0000
time cost 3.1614532470703125 s
(T) | Epoch=0544, loss=0.0000, loss_hard=-7.1004
time cost 3.489581823348999 s
(T) | Epoch=0545, loss=7.1254, loss_hard=0.0000
time cost 3.0224246978759766 s
(T) | Epoch=0546, loss=0.0000, loss_hard=-7.1174
time cost 3.073577404022217 s
(T) | Epoch=0547, loss=7.0997, loss_hard=0.0000
time cost 3.12227463722229 s
(T) | Epoch=0548, loss=0.0000, loss_hard=-7.1379
time cost 3.497072219848633 s
(T) | Epoch=0549, loss=7.1053, loss_hard=0.0000
time cost 3.0937511920928955 s
(T) | Epoch=0550, loss=0.0000, loss_hard=-7.0995
time cost 2.9981021881103516 s
(T) | Epoch=0551, loss=7.1347, loss_hard=0.0000
time cost 3.2457175254821777 s
(T) | Epoch=0552, loss=0.0000, loss_hard=-7.0930
time cost 3.057039260864258 s
(T) | Epoch=0553, loss=7.1130, loss_hard=0.0000
time cost 2.9152233600616455 s
(T) | Epoch=0554, loss=0.0000, loss_hard=-7.1023
time cost 3.1670167446136475 s
(T) | Epoch=0555, loss=7.1076, loss_hard=0.0000
time cost 3.137399196624756 s
(T) | Epoch=0556, loss=0.0000, loss_hard=-7.1193
time cost 2.777224063873291 s
(T) | Epoch=0557, loss=7.1192, loss_hard=0.0000
time cost 3.306845188140869 s
(T) | Epoch=0558, loss=0.0000, loss_hard=-7.0968
time cost 3.0728213787078857 s
(T) | Epoch=0559, loss=7.0983, loss_hard=0.0000
time cost 2.8785009384155273 s
(T) | Epoch=0560, loss=0.0000, loss_hard=-7.1215
time cost 3.3367011547088623 s
(T) | Epoch=0561, loss=7.1350, loss_hard=0.0000
time cost 2.9575986862182617 s
(T) | Epoch=0562, loss=0.0000, loss_hard=-7.0985
time cost 3.4703481197357178 s
(T) | Epoch=0563, loss=7.1301, loss_hard=0.0000
time cost 3.082994222640991 s
(T) | Epoch=0564, loss=0.0000, loss_hard=-7.1165
time cost 3.1356794834136963 s
(T) | Epoch=0565, loss=7.1047, loss_hard=0.0000
time cost 3.365041732788086 s
(T) | Epoch=0566, loss=0.0000, loss_hard=-7.0805
time cost 3.151522159576416 s
(T) | Epoch=0567, loss=7.0973, loss_hard=0.0000
time cost 3.0537362098693848 s
(T) | Epoch=0568, loss=0.0000, loss_hard=-7.1006
time cost 3.3381452560424805 s
(T) | Epoch=0569, loss=7.1004, loss_hard=0.0000
time cost 3.335232734680176 s
(T) | Epoch=0570, loss=0.0000, loss_hard=-7.0912
time cost 3.1511282920837402 s
(T) | Epoch=0571, loss=7.0894, loss_hard=0.0000
time cost 2.9267895221710205 s
(T) | Epoch=0572, loss=0.0000, loss_hard=-7.0997
time cost 2.9006640911102295 s
(T) | Epoch=0573, loss=7.1195, loss_hard=0.0000
time cost 3.038055658340454 s
(T) | Epoch=0574, loss=0.0000, loss_hard=-7.1134
time cost 2.9149744510650635 s
(T) | Epoch=0575, loss=7.1231, loss_hard=0.0000
time cost 3.217045307159424 s
(T) | Epoch=0576, loss=0.0000, loss_hard=-7.1487
time cost 2.7810959815979004 s
(T) | Epoch=0577, loss=7.1162, loss_hard=0.0000
time cost 3.094355583190918 s
(T) | Epoch=0578, loss=0.0000, loss_hard=-7.0850
time cost 2.8187522888183594 s
(T) | Epoch=0579, loss=7.0936, loss_hard=0.0000
time cost 2.8614015579223633 s
(T) | Epoch=0580, loss=0.0000, loss_hard=-7.1105
time cost 2.9573869705200195 s
(T) | Epoch=0581, loss=7.0830, loss_hard=0.0000
time cost 2.8660295009613037 s
(T) | Epoch=0582, loss=0.0000, loss_hard=-7.0910
time cost 3.116853713989258 s
(T) | Epoch=0583, loss=7.0978, loss_hard=0.0000
time cost 3.2749834060668945 s
(T) | Epoch=0584, loss=0.0000, loss_hard=-7.0974
time cost 3.001882314682007 s
(T) | Epoch=0585, loss=7.0882, loss_hard=0.0000
time cost 3.935471534729004 s
(T) | Epoch=0586, loss=0.0000, loss_hard=-7.0805
time cost 3.4003875255584717 s
(T) | Epoch=0587, loss=7.0895, loss_hard=0.0000
time cost 3.033043146133423 s
(T) | Epoch=0588, loss=0.0000, loss_hard=-7.0933
time cost 3.1186351776123047 s
(T) | Epoch=0589, loss=7.0858, loss_hard=0.0000
time cost 3.3139498233795166 s
(T) | Epoch=0590, loss=0.0000, loss_hard=-7.0967
time cost 3.290422201156616 s
(T) | Epoch=0591, loss=7.1058, loss_hard=0.0000
time cost 3.317779779434204 s
(T) | Epoch=0592, loss=0.0000, loss_hard=-7.1100
time cost 2.801389455795288 s
(T) | Epoch=0593, loss=7.0936, loss_hard=0.0000
time cost 3.0048892498016357 s
(T) | Epoch=0594, loss=0.0000, loss_hard=-7.0846
time cost 3.0599253177642822 s
(T) | Epoch=0595, loss=7.0747, loss_hard=0.0000
time cost 2.865421772003174 s
(T) | Epoch=0596, loss=0.0000, loss_hard=-7.0719
time cost 3.214644193649292 s
(T) | Epoch=0597, loss=7.0772, loss_hard=0.0000
time cost 3.090291976928711 s
(T) | Epoch=0598, loss=0.0000, loss_hard=-7.0823
time cost 2.854032278060913 s
(T) | Epoch=0599, loss=7.0805, loss_hard=0.0000
time cost 2.6960091590881348 s
(T) | Epoch=0600, loss=0.0000, loss_hard=-7.1023
time cost 2.7783544063568115 s
(T) | Epoch=0601, loss=7.0917, loss_hard=0.0000
time cost 2.7453508377075195 s
(T) | Epoch=0602, loss=0.0000, loss_hard=-7.1209
time cost 2.9850940704345703 s
(T) | Epoch=0603, loss=7.0909, loss_hard=0.0000
time cost 2.725121021270752 s
(T) | Epoch=0604, loss=0.0000, loss_hard=-7.0774
time cost 2.8370726108551025 s
(T) | Epoch=0605, loss=7.0820, loss_hard=0.0000
time cost 2.6927571296691895 s
(T) | Epoch=0606, loss=0.0000, loss_hard=-7.0950
time cost 2.9550158977508545 s
(T) | Epoch=0607, loss=7.0822, loss_hard=0.0000
time cost 2.8740110397338867 s
(T) | Epoch=0608, loss=0.0000, loss_hard=-7.0941
time cost 2.9081480503082275 s
(T) | Epoch=0609, loss=7.0851, loss_hard=0.0000
time cost 2.788219928741455 s
(T) | Epoch=0610, loss=0.0000, loss_hard=-7.0717
time cost 2.7831311225891113 s
(T) | Epoch=0611, loss=7.0747, loss_hard=0.0000
time cost 2.7355833053588867 s
(T) | Epoch=0612, loss=0.0000, loss_hard=-7.0635
time cost 2.735116720199585 s
(T) | Epoch=0613, loss=7.1338, loss_hard=0.0000
time cost 2.7701141834259033 s
(T) | Epoch=0614, loss=0.0000, loss_hard=-7.0697
time cost 2.7382736206054688 s
(T) | Epoch=0615, loss=7.0736, loss_hard=0.0000
time cost 2.7676589488983154 s
(T) | Epoch=0616, loss=0.0000, loss_hard=-7.0919
time cost 2.686469078063965 s
(T) | Epoch=0617, loss=7.0776, loss_hard=0.0000
time cost 2.7389638423919678 s
(T) | Epoch=0618, loss=0.0000, loss_hard=-7.1470
time cost 2.766571283340454 s
(T) | Epoch=0619, loss=7.0914, loss_hard=0.0000
time cost 2.99333119392395 s
(T) | Epoch=0620, loss=0.0000, loss_hard=-7.0793
time cost 2.7865207195281982 s
(T) | Epoch=0621, loss=7.1002, loss_hard=0.0000
time cost 2.75894832611084 s
(T) | Epoch=0622, loss=0.0000, loss_hard=-7.0871
time cost 2.773848056793213 s
(T) | Epoch=0623, loss=7.0888, loss_hard=0.0000
time cost 2.7942566871643066 s
(T) | Epoch=0624, loss=0.0000, loss_hard=-7.0807
time cost 2.8248684406280518 s
(T) | Epoch=0625, loss=7.0823, loss_hard=0.0000
time cost 2.886498212814331 s
(T) | Epoch=0626, loss=0.0000, loss_hard=-7.1036
time cost 2.7625675201416016 s
(T) | Epoch=0627, loss=7.0942, loss_hard=0.0000
time cost 2.72400164604187 s
(T) | Epoch=0628, loss=0.0000, loss_hard=-7.0631
time cost 2.7927045822143555 s
(T) | Epoch=0629, loss=7.0844, loss_hard=0.0000
time cost 2.820510149002075 s
(T) | Epoch=0630, loss=0.0000, loss_hard=-7.0825
time cost 2.769796133041382 s
(T) | Epoch=0631, loss=7.1977, loss_hard=0.0000
time cost 2.7596044540405273 s
(T) | Epoch=0632, loss=0.0000, loss_hard=-7.0953
time cost 2.7987406253814697 s
(T) | Epoch=0633, loss=7.0955, loss_hard=0.0000
time cost 2.742112159729004 s
(T) | Epoch=0634, loss=0.0000, loss_hard=-7.0835
time cost 2.8990285396575928 s
(T) | Epoch=0635, loss=7.1137, loss_hard=0.0000
time cost 2.8093576431274414 s
(T) | Epoch=0636, loss=0.0000, loss_hard=-7.0683
time cost 2.736906051635742 s
(T) | Epoch=0637, loss=7.0781, loss_hard=0.0000
time cost 2.7427306175231934 s
(T) | Epoch=0638, loss=0.0000, loss_hard=-7.0872
time cost 3.1625943183898926 s
(T) | Epoch=0639, loss=7.0565, loss_hard=0.0000
time cost 2.818812370300293 s
(T) | Epoch=0640, loss=0.0000, loss_hard=-7.0954
time cost 2.9465198516845703 s
(T) | Epoch=0641, loss=7.0830, loss_hard=0.0000
time cost 2.7609429359436035 s
(T) | Epoch=0642, loss=0.0000, loss_hard=-7.0914
time cost 2.750810384750366 s
(T) | Epoch=0643, loss=7.0929, loss_hard=0.0000
time cost 2.7990405559539795 s
(T) | Epoch=0644, loss=0.0000, loss_hard=-7.0941
time cost 2.8465986251831055 s
(T) | Epoch=0645, loss=7.0821, loss_hard=0.0000
time cost 2.776909828186035 s
(T) | Epoch=0646, loss=0.0000, loss_hard=-7.0608
time cost 2.7542035579681396 s
(T) | Epoch=0647, loss=7.0622, loss_hard=0.0000
time cost 2.806206226348877 s
(T) | Epoch=0648, loss=0.0000, loss_hard=-7.0798
time cost 2.774765968322754 s
(T) | Epoch=0649, loss=7.0655, loss_hard=0.0000
time cost 2.9094698429107666 s
(T) | Epoch=0650, loss=0.0000, loss_hard=-7.0816
time cost 2.7115354537963867 s
(T) | Epoch=0651, loss=7.0873, loss_hard=0.0000
time cost 2.741636276245117 s
(T) | Epoch=0652, loss=0.0000, loss_hard=-7.0692
time cost 2.7399494647979736 s
(T) | Epoch=0653, loss=7.0763, loss_hard=0.0000
time cost 2.7738730907440186 s
(T) | Epoch=0654, loss=0.0000, loss_hard=-7.0879
time cost 2.7020204067230225 s
(T) | Epoch=0655, loss=7.0724, loss_hard=0.0000
time cost 2.6361849308013916 s
(T) | Epoch=0656, loss=0.0000, loss_hard=-7.0853
time cost 2.76326060295105 s
(T) | Epoch=0657, loss=7.0731, loss_hard=0.0000
time cost 2.7849113941192627 s
(T) | Epoch=0658, loss=0.0000, loss_hard=-7.0787
time cost 2.731335401535034 s
(T) | Epoch=0659, loss=7.1093, loss_hard=0.0000
time cost 2.9547998905181885 s
(T) | Epoch=0660, loss=0.0000, loss_hard=-7.0963
time cost 2.881904363632202 s
(T) | Epoch=0661, loss=7.0912, loss_hard=0.0000
time cost 3.2242066860198975 s
(T) | Epoch=0662, loss=0.0000, loss_hard=-7.0650
time cost 2.52461314201355 s
(T) | Epoch=0663, loss=7.0828, loss_hard=0.0000
time cost 2.761059284210205 s
(T) | Epoch=0664, loss=0.0000, loss_hard=-7.0571
time cost 2.7804598808288574 s
(T) | Epoch=0665, loss=7.0743, loss_hard=0.0000
time cost 2.918809652328491 s
(T) | Epoch=0666, loss=0.0000, loss_hard=-7.0706
time cost 2.717872381210327 s
(T) | Epoch=0667, loss=7.0519, loss_hard=0.0000
time cost 3.0115559101104736 s
(T) | Epoch=0668, loss=0.0000, loss_hard=-7.0705
time cost 2.7353157997131348 s
(T) | Epoch=0669, loss=7.0855, loss_hard=0.0000
time cost 2.728074073791504 s
(T) | Epoch=0670, loss=0.0000, loss_hard=-7.0747
time cost 2.8245656490325928 s
(T) | Epoch=0671, loss=7.0668, loss_hard=0.0000
time cost 2.813201427459717 s
(T) | Epoch=0672, loss=0.0000, loss_hard=-7.0544
time cost 2.746009111404419 s
(T) | Epoch=0673, loss=7.0789, loss_hard=0.0000
time cost 2.7262954711914062 s
(T) | Epoch=0674, loss=0.0000, loss_hard=-7.0787
time cost 2.761518716812134 s
(T) | Epoch=0675, loss=7.0609, loss_hard=0.0000
time cost 2.749208450317383 s
(T) | Epoch=0676, loss=0.0000, loss_hard=-7.0708
time cost 2.759916067123413 s
(T) | Epoch=0677, loss=7.0590, loss_hard=0.0000
time cost 2.6195034980773926 s
(T) | Epoch=0678, loss=0.0000, loss_hard=-7.0501
time cost 2.969223737716675 s
(T) | Epoch=0679, loss=7.0533, loss_hard=0.0000
time cost 2.6696698665618896 s
(T) | Epoch=0680, loss=0.0000, loss_hard=-7.0638
time cost 2.739325523376465 s
(T) | Epoch=0681, loss=7.0623, loss_hard=0.0000
time cost 2.732330083847046 s
(T) | Epoch=0682, loss=0.0000, loss_hard=-7.0676
time cost 2.8425662517547607 s
(T) | Epoch=0683, loss=7.0853, loss_hard=0.0000
time cost 2.778815507888794 s
(T) | Epoch=0684, loss=0.0000, loss_hard=-7.0478
time cost 2.7855851650238037 s
(T) | Epoch=0685, loss=7.0797, loss_hard=0.0000
time cost 2.710273504257202 s
(T) | Epoch=0686, loss=0.0000, loss_hard=-7.0800
time cost 2.7230405807495117 s
(T) | Epoch=0687, loss=7.0586, loss_hard=0.0000
time cost 2.759885311126709 s
(T) | Epoch=0688, loss=0.0000, loss_hard=-7.0546
time cost 2.718784809112549 s
(T) | Epoch=0689, loss=7.0584, loss_hard=0.0000
time cost 2.8562324047088623 s
(T) | Epoch=0690, loss=0.0000, loss_hard=-7.0858
time cost 2.8301446437835693 s
(T) | Epoch=0691, loss=7.0815, loss_hard=0.0000
time cost 2.8793535232543945 s
(T) | Epoch=0692, loss=0.0000, loss_hard=-7.0559
time cost 2.746163845062256 s
(T) | Epoch=0693, loss=7.0721, loss_hard=0.0000
time cost 2.737412214279175 s
(T) | Epoch=0694, loss=0.0000, loss_hard=-7.0863
time cost 2.8333261013031006 s
(T) | Epoch=0695, loss=7.0811, loss_hard=0.0000
time cost 2.7189579010009766 s
(T) | Epoch=0696, loss=0.0000, loss_hard=-7.0580
time cost 2.9016284942626953 s
(T) | Epoch=0697, loss=7.0568, loss_hard=0.0000
time cost 2.7855472564697266 s
(T) | Epoch=0698, loss=0.0000, loss_hard=-7.0503
time cost 2.7260799407958984 s
(T) | Epoch=0699, loss=7.1065, loss_hard=0.0000
time cost 2.7537899017333984 s
(T) | Epoch=0700, loss=0.0000, loss_hard=-7.0742
time cost 2.7098846435546875 s
(T) | Epoch=0701, loss=7.0969, loss_hard=0.0000
time cost 2.680232524871826 s
(T) | Epoch=0702, loss=0.0000, loss_hard=-7.0702
time cost 2.938819646835327 s
(T) | Epoch=0703, loss=7.0661, loss_hard=0.0000
time cost 2.9310221672058105 s
(T) | Epoch=0704, loss=0.0000, loss_hard=-7.0858
time cost 2.7697157859802246 s
(T) | Epoch=0705, loss=7.0918, loss_hard=0.0000
time cost 2.935779333114624 s
(T) | Epoch=0706, loss=0.0000, loss_hard=-7.0681
time cost 2.72251296043396 s
(T) | Epoch=0707, loss=7.1057, loss_hard=0.0000
time cost 2.7553770542144775 s
(T) | Epoch=0708, loss=0.0000, loss_hard=-7.0565
time cost 2.9991016387939453 s
(T) | Epoch=0709, loss=7.0655, loss_hard=0.0000
time cost 2.888481378555298 s
(T) | Epoch=0710, loss=0.0000, loss_hard=-7.0555
time cost 2.784564256668091 s
(T) | Epoch=0711, loss=7.0534, loss_hard=0.0000
time cost 2.7561352252960205 s
(T) | Epoch=0712, loss=0.0000, loss_hard=-7.0530
time cost 2.69065523147583 s
(T) | Epoch=0713, loss=7.0701, loss_hard=0.0000
time cost 2.6357555389404297 s
(T) | Epoch=0714, loss=0.0000, loss_hard=-7.0546
time cost 2.759463310241699 s
(T) | Epoch=0715, loss=7.0422, loss_hard=0.0000
time cost 2.692202568054199 s
(T) | Epoch=0716, loss=0.0000, loss_hard=-7.0555
time cost 3.4389150142669678 s
(T) | Epoch=0717, loss=7.0561, loss_hard=0.0000
time cost 2.77885365486145 s
(T) | Epoch=0718, loss=0.0000, loss_hard=-7.0496
time cost 2.694903612136841 s
(T) | Epoch=0719, loss=7.0467, loss_hard=0.0000
time cost 2.9331612586975098 s
(T) | Epoch=0720, loss=0.0000, loss_hard=-7.0731
time cost 2.7061731815338135 s
(T) | Epoch=0721, loss=7.0687, loss_hard=0.0000
time cost 2.7442214488983154 s
(T) | Epoch=0722, loss=0.0000, loss_hard=-7.0480
time cost 2.7439019680023193 s
(T) | Epoch=0723, loss=7.0528, loss_hard=0.0000
time cost 2.8575797080993652 s
(T) | Epoch=0724, loss=0.0000, loss_hard=-7.0530
time cost 2.7209208011627197 s
(T) | Epoch=0725, loss=7.0526, loss_hard=0.0000
time cost 3.150287628173828 s
(T) | Epoch=0726, loss=0.0000, loss_hard=-7.0278
time cost 2.685991048812866 s
(T) | Epoch=0727, loss=7.0531, loss_hard=0.0000
time cost 2.68107008934021 s
(T) | Epoch=0728, loss=0.0000, loss_hard=-7.0313
time cost 2.715259552001953 s
(T) | Epoch=0729, loss=7.0330, loss_hard=0.0000
time cost 2.746805191040039 s
(T) | Epoch=0730, loss=0.0000, loss_hard=-7.0329
time cost 2.777116298675537 s
(T) | Epoch=0731, loss=7.0393, loss_hard=0.0000
time cost 2.72481107711792 s
(T) | Epoch=0732, loss=0.0000, loss_hard=-7.0473
time cost 2.7608330249786377 s
(T) | Epoch=0733, loss=7.0382, loss_hard=0.0000
time cost 2.5711333751678467 s
(T) | Epoch=0734, loss=0.0000, loss_hard=-7.0348
time cost 2.6927590370178223 s
(T) | Epoch=0735, loss=7.0611, loss_hard=0.0000
time cost 2.7609732151031494 s
(T) | Epoch=0736, loss=0.0000, loss_hard=-7.0401
time cost 2.6983699798583984 s
(T) | Epoch=0737, loss=7.0503, loss_hard=0.0000
time cost 2.7064411640167236 s
(T) | Epoch=0738, loss=0.0000, loss_hard=-7.0563
time cost 2.7250735759735107 s
(T) | Epoch=0739, loss=7.0482, loss_hard=0.0000
time cost 2.7708632946014404 s
(T) | Epoch=0740, loss=0.0000, loss_hard=-7.0413
time cost 2.7286481857299805 s
(T) | Epoch=0741, loss=7.0385, loss_hard=0.0000
time cost 2.7189390659332275 s
(T) | Epoch=0742, loss=0.0000, loss_hard=-7.0443
time cost 2.631385564804077 s
(T) | Epoch=0743, loss=7.0521, loss_hard=0.0000
time cost 2.6669790744781494 s
(T) | Epoch=0744, loss=0.0000, loss_hard=-7.0614
time cost 2.6321640014648438 s
(T) | Epoch=0745, loss=7.0342, loss_hard=0.0000
time cost 2.714956283569336 s
(T) | Epoch=0746, loss=0.0000, loss_hard=-7.0741
time cost 2.6073217391967773 s
(T) | Epoch=0747, loss=7.0644, loss_hard=0.0000
time cost 2.4920709133148193 s
(T) | Epoch=0748, loss=0.0000, loss_hard=-7.0423
time cost 2.7153782844543457 s
(T) | Epoch=0749, loss=7.0630, loss_hard=0.0000
time cost 2.175265312194824 s
(T) | Epoch=0750, loss=0.0000, loss_hard=-7.0381
time cost 2.6533732414245605 s
(T) | Epoch=0751, loss=7.0465, loss_hard=0.0000
time cost 2.7580034732818604 s
(T) | Epoch=0752, loss=0.0000, loss_hard=-7.0384
time cost 2.745086908340454 s
(T) | Epoch=0753, loss=7.0496, loss_hard=0.0000
time cost 2.8723630905151367 s
(T) | Epoch=0754, loss=0.0000, loss_hard=-7.0314
time cost 2.754777431488037 s
(T) | Epoch=0755, loss=7.0362, loss_hard=0.0000
time cost 2.7036945819854736 s
(T) | Epoch=0756, loss=0.0000, loss_hard=-7.0486
time cost 2.8019931316375732 s
(T) | Epoch=0757, loss=7.0566, loss_hard=0.0000
time cost 2.864873170852661 s
(T) | Epoch=0758, loss=0.0000, loss_hard=-7.0674
time cost 2.743400812149048 s
(T) | Epoch=0759, loss=7.0648, loss_hard=0.0000
time cost 2.8194267749786377 s
(T) | Epoch=0760, loss=0.0000, loss_hard=-7.0243
time cost 2.7122228145599365 s
(T) | Epoch=0761, loss=7.0266, loss_hard=0.0000
time cost 2.7139835357666016 s
(T) | Epoch=0762, loss=0.0000, loss_hard=-7.0615
time cost 2.775181531906128 s
(T) | Epoch=0763, loss=7.0488, loss_hard=0.0000
time cost 2.672011137008667 s
(T) | Epoch=0764, loss=0.0000, loss_hard=-7.0301
time cost 2.7187411785125732 s
(T) | Epoch=0765, loss=7.0580, loss_hard=0.0000
time cost 2.765277862548828 s
(T) | Epoch=0766, loss=0.0000, loss_hard=-7.0348
time cost 2.756371259689331 s
(T) | Epoch=0767, loss=7.0557, loss_hard=0.0000
time cost 2.808706283569336 s
(T) | Epoch=0768, loss=0.0000, loss_hard=-7.0527
time cost 2.702758312225342 s
(T) | Epoch=0769, loss=7.0217, loss_hard=0.0000
time cost 2.6836652755737305 s
(T) | Epoch=0770, loss=0.0000, loss_hard=-7.0548
time cost 2.713963031768799 s
(T) | Epoch=0771, loss=7.0565, loss_hard=0.0000
time cost 2.785067319869995 s
(T) | Epoch=0772, loss=0.0000, loss_hard=-7.0657
time cost 2.9138121604919434 s
(T) | Epoch=0773, loss=7.0403, loss_hard=0.0000
time cost 2.90934419631958 s
(T) | Epoch=0774, loss=0.0000, loss_hard=-7.0388
time cost 2.9074432849884033 s
(T) | Epoch=0775, loss=7.0333, loss_hard=0.0000
time cost 2.816253900527954 s
(T) | Epoch=0776, loss=0.0000, loss_hard=-7.0318
time cost 2.6298716068267822 s
(T) | Epoch=0777, loss=7.0345, loss_hard=0.0000
time cost 2.7234137058258057 s
(T) | Epoch=0778, loss=0.0000, loss_hard=-7.0266
time cost 2.7219722270965576 s
(T) | Epoch=0779, loss=7.0353, loss_hard=0.0000
time cost 2.8733818531036377 s
(T) | Epoch=0780, loss=0.0000, loss_hard=-7.0325
time cost 2.9477672576904297 s
(T) | Epoch=0781, loss=7.0346, loss_hard=0.0000
time cost 2.928147315979004 s
(T) | Epoch=0782, loss=0.0000, loss_hard=-7.0328
time cost 2.6969640254974365 s
(T) | Epoch=0783, loss=7.0287, loss_hard=0.0000
time cost 2.7324588298797607 s
(T) | Epoch=0784, loss=0.0000, loss_hard=-7.0301
time cost 2.7432730197906494 s
(T) | Epoch=0785, loss=7.0454, loss_hard=0.0000
time cost 2.825894594192505 s
(T) | Epoch=0786, loss=0.0000, loss_hard=-7.0256
time cost 2.770193099975586 s
(T) | Epoch=0787, loss=7.0305, loss_hard=0.0000
time cost 3.0112314224243164 s
(T) | Epoch=0788, loss=0.0000, loss_hard=-7.0187
time cost 2.7833809852600098 s
(T) | Epoch=0789, loss=7.0273, loss_hard=0.0000
time cost 2.899567127227783 s
(T) | Epoch=0790, loss=0.0000, loss_hard=-7.0369
time cost 2.8404557704925537 s
(T) | Epoch=0791, loss=7.0248, loss_hard=0.0000
time cost 2.745556116104126 s
(T) | Epoch=0792, loss=0.0000, loss_hard=-7.0291
time cost 2.890132188796997 s
(T) | Epoch=0793, loss=7.0242, loss_hard=0.0000
time cost 3.1114611625671387 s
(T) | Epoch=0794, loss=0.0000, loss_hard=-7.0278
time cost 2.945361375808716 s
(T) | Epoch=0795, loss=7.0217, loss_hard=0.0000
time cost 2.7307186126708984 s
(T) | Epoch=0796, loss=0.0000, loss_hard=-7.0555
time cost 2.8857667446136475 s
(T) | Epoch=0797, loss=7.0444, loss_hard=0.0000
time cost 2.948498010635376 s
(T) | Epoch=0798, loss=0.0000, loss_hard=-7.0361
time cost 2.7663869857788086 s
(T) | Epoch=0799, loss=7.0123, loss_hard=0.0000
time cost 2.751222610473633 s
(T) | Epoch=0800, loss=0.0000, loss_hard=-7.0356
time cost 2.7122180461883545 s
(T) | Epoch=0801, loss=7.0391, loss_hard=0.0000
time cost 2.692558526992798 s
(T) | Epoch=0802, loss=0.0000, loss_hard=-7.0318
time cost 2.725558042526245 s
(T) | Epoch=0803, loss=7.0186, loss_hard=0.0000
time cost 2.810675621032715 s
(T) | Epoch=0804, loss=0.0000, loss_hard=-7.0255
time cost 2.8467891216278076 s
(T) | Epoch=0805, loss=7.0298, loss_hard=0.0000
time cost 2.7981278896331787 s
(T) | Epoch=0806, loss=0.0000, loss_hard=-7.0225
time cost 2.7985379695892334 s
(T) | Epoch=0807, loss=7.0354, loss_hard=0.0000
time cost 2.8828985691070557 s
(T) | Epoch=0808, loss=0.0000, loss_hard=-7.0406
time cost 2.7100512981414795 s
(T) | Epoch=0809, loss=7.0325, loss_hard=0.0000
time cost 2.79226016998291 s
(T) | Epoch=0810, loss=0.0000, loss_hard=-7.0321
time cost 2.7213382720947266 s
(T) | Epoch=0811, loss=7.0550, loss_hard=0.0000
time cost 2.8285317420959473 s
(T) | Epoch=0812, loss=0.0000, loss_hard=-7.0224
time cost 2.7497639656066895 s
(T) | Epoch=0813, loss=7.0208, loss_hard=0.0000
time cost 2.7979822158813477 s
(T) | Epoch=0814, loss=0.0000, loss_hard=-7.0155
time cost 2.6951169967651367 s
(T) | Epoch=0815, loss=7.0351, loss_hard=0.0000
time cost 2.7362096309661865 s
(T) | Epoch=0816, loss=0.0000, loss_hard=-7.0245
time cost 2.7262492179870605 s
(T) | Epoch=0817, loss=7.0596, loss_hard=0.0000
time cost 2.736882448196411 s
(T) | Epoch=0818, loss=0.0000, loss_hard=-7.0235
time cost 2.7899010181427 s
(T) | Epoch=0819, loss=7.0294, loss_hard=0.0000
time cost 2.7987825870513916 s
(T) | Epoch=0820, loss=0.0000, loss_hard=-7.0279
time cost 2.68326997756958 s
(T) | Epoch=0821, loss=7.0307, loss_hard=0.0000
time cost 2.773664951324463 s
(T) | Epoch=0822, loss=0.0000, loss_hard=-7.0344
time cost 2.7484841346740723 s
(T) | Epoch=0823, loss=7.0563, loss_hard=0.0000
time cost 2.758690595626831 s
(T) | Epoch=0824, loss=0.0000, loss_hard=-7.0332
time cost 2.728161334991455 s
(T) | Epoch=0825, loss=7.0401, loss_hard=0.0000
time cost 2.839707851409912 s
(T) | Epoch=0826, loss=0.0000, loss_hard=-7.0288
time cost 2.9079322814941406 s
(T) | Epoch=0827, loss=7.0244, loss_hard=0.0000
time cost 2.7323665618896484 s
(T) | Epoch=0828, loss=0.0000, loss_hard=-7.0277
time cost 2.7345316410064697 s
(T) | Epoch=0829, loss=7.0487, loss_hard=0.0000
time cost 2.819549322128296 s
(T) | Epoch=0830, loss=0.0000, loss_hard=-7.0150
time cost 2.687008857727051 s
(T) | Epoch=0831, loss=7.0091, loss_hard=0.0000
time cost 2.795811414718628 s
(T) | Epoch=0832, loss=0.0000, loss_hard=-7.0009
time cost 2.782100200653076 s
(T) | Epoch=0833, loss=7.0344, loss_hard=0.0000
time cost 2.8454182147979736 s
(T) | Epoch=0834, loss=0.0000, loss_hard=-7.0327
time cost 2.9117519855499268 s
(T) | Epoch=0835, loss=7.0499, loss_hard=0.0000
time cost 2.753014087677002 s
(T) | Epoch=0836, loss=0.0000, loss_hard=-7.0208
time cost 2.7566046714782715 s
(T) | Epoch=0837, loss=7.0282, loss_hard=0.0000
time cost 2.718775987625122 s
(T) | Epoch=0838, loss=0.0000, loss_hard=-7.0280
time cost 2.782900810241699 s
(T) | Epoch=0839, loss=7.0490, loss_hard=0.0000
time cost 2.781062602996826 s
(T) | Epoch=0840, loss=0.0000, loss_hard=-7.0067
time cost 2.6671652793884277 s
(T) | Epoch=0841, loss=7.0106, loss_hard=0.0000
time cost 2.777803897857666 s
(T) | Epoch=0842, loss=0.0000, loss_hard=-7.0054
time cost 2.805821180343628 s
(T) | Epoch=0843, loss=7.0133, loss_hard=0.0000
time cost 3.059567451477051 s
(T) | Epoch=0844, loss=0.0000, loss_hard=-7.0281
time cost 2.7546615600585938 s
(T) | Epoch=0845, loss=7.0557, loss_hard=0.0000
time cost 2.801509141921997 s
(T) | Epoch=0846, loss=0.0000, loss_hard=-7.0248
time cost 2.853001117706299 s
(T) | Epoch=0847, loss=7.0194, loss_hard=0.0000
time cost 2.741814136505127 s
(T) | Epoch=0848, loss=0.0000, loss_hard=-7.0480
time cost 3.09890079498291 s
(T) | Epoch=0849, loss=7.0142, loss_hard=0.0000
time cost 2.8285672664642334 s
(T) | Epoch=0850, loss=0.0000, loss_hard=-7.0267
time cost 2.750275135040283 s
(T) | Epoch=0851, loss=7.0192, loss_hard=0.0000
time cost 2.803837537765503 s
(T) | Epoch=0852, loss=0.0000, loss_hard=-7.0379
time cost 2.74790620803833 s
(T) | Epoch=0853, loss=7.0146, loss_hard=0.0000
time cost 2.7061681747436523 s
(T) | Epoch=0854, loss=0.0000, loss_hard=-7.0161
time cost 2.8291449546813965 s
(T) | Epoch=0855, loss=7.0085, loss_hard=0.0000
time cost 2.6596672534942627 s
(T) | Epoch=0856, loss=0.0000, loss_hard=-7.0048
time cost 2.758427381515503 s
(T) | Epoch=0857, loss=7.0369, loss_hard=0.0000
time cost 2.7344343662261963 s
(T) | Epoch=0858, loss=0.0000, loss_hard=-7.0247
time cost 2.7520008087158203 s
(T) | Epoch=0859, loss=7.0346, loss_hard=0.0000
time cost 2.78586483001709 s
(T) | Epoch=0860, loss=0.0000, loss_hard=-7.0445
time cost 2.8987464904785156 s
(T) | Epoch=0861, loss=7.0468, loss_hard=0.0000
time cost 2.7257955074310303 s
(T) | Epoch=0862, loss=0.0000, loss_hard=-7.0288
time cost 2.808703899383545 s
(T) | Epoch=0863, loss=7.0370, loss_hard=0.0000
time cost 2.72599458694458 s
(T) | Epoch=0864, loss=0.0000, loss_hard=-7.0114
time cost 2.687917947769165 s
(T) | Epoch=0865, loss=7.0129, loss_hard=0.0000
time cost 2.70108699798584 s
(T) | Epoch=0866, loss=0.0000, loss_hard=-7.0153
time cost 2.733874559402466 s
(T) | Epoch=0867, loss=6.9969, loss_hard=0.0000
time cost 2.71364688873291 s
(T) | Epoch=0868, loss=0.0000, loss_hard=-7.0140
time cost 2.6471595764160156 s
(T) | Epoch=0869, loss=7.0465, loss_hard=0.0000
time cost 2.710989475250244 s
(T) | Epoch=0870, loss=0.0000, loss_hard=-7.0169
time cost 2.7185420989990234 s
(T) | Epoch=0871, loss=7.0168, loss_hard=0.0000
time cost 2.683152198791504 s
(T) | Epoch=0872, loss=0.0000, loss_hard=-7.0334
time cost 2.763749837875366 s
(T) | Epoch=0873, loss=7.0453, loss_hard=0.0000
time cost 2.675727367401123 s
(T) | Epoch=0874, loss=0.0000, loss_hard=-7.0253
time cost 2.711684226989746 s
(T) | Epoch=0875, loss=7.0532, loss_hard=0.0000
time cost 2.688779592514038 s
(T) | Epoch=0876, loss=0.0000, loss_hard=-7.0204
time cost 2.7062160968780518 s
(T) | Epoch=0877, loss=7.0312, loss_hard=0.0000
time cost 2.6913506984710693 s
(T) | Epoch=0878, loss=0.0000, loss_hard=-7.0400
time cost 2.7215399742126465 s
(T) | Epoch=0879, loss=7.0613, loss_hard=0.0000
time cost 2.71498966217041 s
(T) | Epoch=0880, loss=0.0000, loss_hard=-7.0371
time cost 2.18027663230896 s
(T) | Epoch=0881, loss=7.0501, loss_hard=0.0000
time cost 3.122701406478882 s
(T) | Epoch=0882, loss=0.0000, loss_hard=-7.0263
time cost 2.2588441371917725 s
(T) | Epoch=0883, loss=7.0264, loss_hard=0.0000
time cost 2.874359369277954 s
(T) | Epoch=0884, loss=0.0000, loss_hard=-7.0341
time cost 2.932682514190674 s
(T) | Epoch=0885, loss=7.0317, loss_hard=0.0000
time cost 2.7169432640075684 s
(T) | Epoch=0886, loss=0.0000, loss_hard=-7.0335
time cost 2.761530876159668 s
(T) | Epoch=0887, loss=7.0193, loss_hard=0.0000
time cost 2.9432878494262695 s
(T) | Epoch=0888, loss=0.0000, loss_hard=-7.0245
time cost 3.0660109519958496 s
(T) | Epoch=0889, loss=7.0302, loss_hard=0.0000
time cost 2.7193448543548584 s
(T) | Epoch=0890, loss=0.0000, loss_hard=-7.0230
time cost 2.724684238433838 s
(T) | Epoch=0891, loss=7.0244, loss_hard=0.0000
time cost 2.7462165355682373 s
(T) | Epoch=0892, loss=0.0000, loss_hard=-7.0322
time cost 2.877859592437744 s
(T) | Epoch=0893, loss=7.0277, loss_hard=0.0000
time cost 2.7040112018585205 s
(T) | Epoch=0894, loss=0.0000, loss_hard=-7.0357
time cost 2.708191156387329 s
(T) | Epoch=0895, loss=7.0077, loss_hard=0.0000
time cost 2.6857192516326904 s
(T) | Epoch=0896, loss=0.0000, loss_hard=-7.0146
time cost 2.7160797119140625 s
(T) | Epoch=0897, loss=7.0023, loss_hard=0.0000
time cost 2.955428123474121 s
(T) | Epoch=0898, loss=0.0000, loss_hard=-7.0248
time cost 2.9305171966552734 s
(T) | Epoch=0899, loss=7.0388, loss_hard=0.0000
time cost 2.4455885887145996 s
(T) | Epoch=0900, loss=0.0000, loss_hard=-7.0228
time cost 2.73358154296875 s
(T) | Epoch=0901, loss=7.0141, loss_hard=0.0000
time cost 2.8088715076446533 s
(T) | Epoch=0902, loss=0.0000, loss_hard=-6.9989
time cost 2.6717236042022705 s
(T) | Epoch=0903, loss=7.0253, loss_hard=0.0000
time cost 2.839810609817505 s
(T) | Epoch=0904, loss=0.0000, loss_hard=-7.0192
time cost 2.8671395778656006 s
(T) | Epoch=0905, loss=7.0159, loss_hard=0.0000
time cost 2.7837769985198975 s
(T) | Epoch=0906, loss=0.0000, loss_hard=-6.9969
time cost 2.8808977603912354 s
(T) | Epoch=0907, loss=7.0065, loss_hard=0.0000
time cost 2.760930299758911 s
(T) | Epoch=0908, loss=0.0000, loss_hard=-7.0153
time cost 2.730370283126831 s
(T) | Epoch=0909, loss=7.0148, loss_hard=0.0000
time cost 2.682154655456543 s
(T) | Epoch=0910, loss=0.0000, loss_hard=-6.9940
time cost 2.768104076385498 s
(T) | Epoch=0911, loss=6.9969, loss_hard=0.0000
time cost 2.741353988647461 s
(T) | Epoch=0912, loss=0.0000, loss_hard=-7.0195
time cost 2.6604983806610107 s
(T) | Epoch=0913, loss=7.0206, loss_hard=0.0000
time cost 2.7389397621154785 s
(T) | Epoch=0914, loss=0.0000, loss_hard=-7.0194
time cost 2.8832850456237793 s
(T) | Epoch=0915, loss=7.0040, loss_hard=0.0000
time cost 2.7862155437469482 s
(T) | Epoch=0916, loss=0.0000, loss_hard=-7.0224
time cost 2.698291540145874 s
(T) | Epoch=0917, loss=7.0374, loss_hard=0.0000
time cost 2.804157018661499 s
(T) | Epoch=0918, loss=0.0000, loss_hard=-7.0145
time cost 2.7458295822143555 s
(T) | Epoch=0919, loss=7.0126, loss_hard=0.0000
time cost 2.860386371612549 s
(T) | Epoch=0920, loss=0.0000, loss_hard=-7.0001
time cost 2.6789228916168213 s
(T) | Epoch=0921, loss=7.0264, loss_hard=0.0000
time cost 2.7543222904205322 s
(T) | Epoch=0922, loss=0.0000, loss_hard=-7.0202
time cost 2.6959872245788574 s
(T) | Epoch=0923, loss=7.0092, loss_hard=0.0000
time cost 2.9183883666992188 s
(T) | Epoch=0924, loss=0.0000, loss_hard=-7.0111
time cost 3.037769079208374 s
(T) | Epoch=0925, loss=6.9982, loss_hard=0.0000
time cost 2.9154555797576904 s
(T) | Epoch=0926, loss=0.0000, loss_hard=-7.0041
time cost 2.7206573486328125 s
(T) | Epoch=0927, loss=7.0203, loss_hard=0.0000
time cost 2.745915174484253 s
(T) | Epoch=0928, loss=0.0000, loss_hard=-7.0146
time cost 2.5671088695526123 s
(T) | Epoch=0929, loss=7.0390, loss_hard=0.0000
time cost 2.7725582122802734 s
(T) | Epoch=0930, loss=0.0000, loss_hard=-7.0050
time cost 2.8576552867889404 s
(T) | Epoch=0931, loss=7.0182, loss_hard=0.0000
time cost 2.753192901611328 s
(T) | Epoch=0932, loss=0.0000, loss_hard=-7.0191
time cost 2.696850538253784 s
(T) | Epoch=0933, loss=6.9930, loss_hard=0.0000
time cost 2.861715316772461 s
(T) | Epoch=0934, loss=0.0000, loss_hard=-7.0032
time cost 2.6319873332977295 s
(T) | Epoch=0935, loss=7.0132, loss_hard=0.0000
time cost 2.7535829544067383 s
(T) | Epoch=0936, loss=0.0000, loss_hard=-7.0641
time cost 2.7191436290740967 s
(T) | Epoch=0937, loss=7.0100, loss_hard=0.0000
time cost 2.9124515056610107 s
(T) | Epoch=0938, loss=0.0000, loss_hard=-7.0098
time cost 2.826469659805298 s
(T) | Epoch=0939, loss=7.0134, loss_hard=0.0000
time cost 2.725013017654419 s
(T) | Epoch=0940, loss=0.0000, loss_hard=-7.0109
time cost 2.801584005355835 s
(T) | Epoch=0941, loss=6.9941, loss_hard=0.0000
time cost 2.789127826690674 s
(T) | Epoch=0942, loss=0.0000, loss_hard=-7.0113
time cost 2.8917417526245117 s
(T) | Epoch=0943, loss=7.0085, loss_hard=0.0000
time cost 2.794904947280884 s
(T) | Epoch=0944, loss=0.0000, loss_hard=-7.0536
time cost 2.735774278640747 s
(T) | Epoch=0945, loss=7.0380, loss_hard=0.0000
time cost 2.7589080333709717 s
(T) | Epoch=0946, loss=0.0000, loss_hard=-7.0013
time cost 2.66784930229187 s
(T) | Epoch=0947, loss=7.0174, loss_hard=0.0000
time cost 2.7963242530822754 s
(T) | Epoch=0948, loss=0.0000, loss_hard=-6.9901
time cost 3.0542032718658447 s
(T) | Epoch=0949, loss=6.9902, loss_hard=0.0000
time cost 2.793686866760254 s
(T) | Epoch=0950, loss=0.0000, loss_hard=-7.0089
time cost 2.70499587059021 s
(T) | Epoch=0951, loss=6.9932, loss_hard=0.0000
time cost 2.740633726119995 s
(T) | Epoch=0952, loss=0.0000, loss_hard=-7.0152
time cost 2.693851947784424 s
(T) | Epoch=0953, loss=7.0039, loss_hard=0.0000
time cost 2.714158535003662 s
(T) | Epoch=0954, loss=0.0000, loss_hard=-7.0059
time cost 2.913940191268921 s
(T) | Epoch=0955, loss=7.0229, loss_hard=0.0000
time cost 2.6424741744995117 s
(T) | Epoch=0956, loss=0.0000, loss_hard=-7.0053
time cost 2.7628657817840576 s
(T) | Epoch=0957, loss=7.0945, loss_hard=0.0000
time cost 2.72635555267334 s
(T) | Epoch=0958, loss=0.0000, loss_hard=-6.9869
time cost 2.8623595237731934 s
(T) | Epoch=0959, loss=7.0094, loss_hard=0.0000
time cost 2.7972960472106934 s
(T) | Epoch=0960, loss=0.0000, loss_hard=-7.0237
time cost 2.8585071563720703 s
(T) | Epoch=0961, loss=7.0122, loss_hard=0.0000
time cost 2.765061855316162 s
(T) | Epoch=0962, loss=0.0000, loss_hard=-7.0036
time cost 2.8686156272888184 s
(T) | Epoch=0963, loss=7.0001, loss_hard=0.0000
time cost 2.6763041019439697 s
(T) | Epoch=0964, loss=0.0000, loss_hard=-7.0087
time cost 2.724231481552124 s
(T) | Epoch=0965, loss=7.0010, loss_hard=0.0000
time cost 2.675344944000244 s
(T) | Epoch=0966, loss=0.0000, loss_hard=-7.0316
time cost 2.725489377975464 s
(T) | Epoch=0967, loss=7.0152, loss_hard=0.0000
time cost 2.666867971420288 s
(T) | Epoch=0968, loss=0.0000, loss_hard=-7.0010
time cost 2.700540542602539 s
(T) | Epoch=0969, loss=7.0103, loss_hard=0.0000
time cost 2.815822124481201 s
(T) | Epoch=0970, loss=0.0000, loss_hard=-7.0081
time cost 2.860481023788452 s
(T) | Epoch=0971, loss=6.9980, loss_hard=0.0000
time cost 2.804152011871338 s
(T) | Epoch=0972, loss=0.0000, loss_hard=-7.0140
time cost 2.7729439735412598 s
(T) | Epoch=0973, loss=7.0011, loss_hard=0.0000
time cost 2.6650125980377197 s
(T) | Epoch=0974, loss=0.0000, loss_hard=-7.0293
time cost 2.7161409854888916 s
(T) | Epoch=0975, loss=6.9924, loss_hard=0.0000
time cost 2.8617136478424072 s
(T) | Epoch=0976, loss=0.0000, loss_hard=-7.0086
time cost 2.740842580795288 s
(T) | Epoch=0977, loss=7.0169, loss_hard=0.0000
time cost 2.731715440750122 s
(T) | Epoch=0978, loss=0.0000, loss_hard=-7.0008
time cost 2.346147060394287 s
(T) | Epoch=0979, loss=7.0017, loss_hard=0.0000
time cost 2.908825635910034 s
(T) | Epoch=0980, loss=0.0000, loss_hard=-6.9985
time cost 2.5346155166625977 s
(T) | Epoch=0981, loss=7.0034, loss_hard=0.0000
time cost 3.002763509750366 s
(T) | Epoch=0982, loss=0.0000, loss_hard=-7.0002
time cost 2.734774589538574 s
(T) | Epoch=0983, loss=7.0090, loss_hard=0.0000
time cost 2.7923333644866943 s
(T) | Epoch=0984, loss=0.0000, loss_hard=-7.0068
time cost 2.7709708213806152 s
(T) | Epoch=0985, loss=6.9857, loss_hard=0.0000
time cost 2.76035213470459 s
(T) | Epoch=0986, loss=0.0000, loss_hard=-6.9831
time cost 2.6577250957489014 s
(T) | Epoch=0987, loss=7.0063, loss_hard=0.0000
time cost 2.7884650230407715 s
(T) | Epoch=0988, loss=0.0000, loss_hard=-6.9900
time cost 2.7002758979797363 s
(T) | Epoch=0989, loss=7.0347, loss_hard=0.0000
time cost 2.7058231830596924 s
(T) | Epoch=0990, loss=0.0000, loss_hard=-6.9815
time cost 2.734771966934204 s
(T) | Epoch=0991, loss=6.9976, loss_hard=0.0000
time cost 2.7232770919799805 s
(T) | Epoch=0992, loss=0.0000, loss_hard=-7.0079
time cost 2.7138006687164307 s
(T) | Epoch=0993, loss=6.9869, loss_hard=0.0000
time cost 3.0173144340515137 s
(T) | Epoch=0994, loss=0.0000, loss_hard=-6.9846
time cost 2.723566770553589 s
(T) | Epoch=0995, loss=6.9987, loss_hard=0.0000
time cost 2.726182699203491 s
(T) | Epoch=0996, loss=0.0000, loss_hard=-7.0099
time cost 2.7225849628448486 s
(T) | Epoch=0997, loss=6.9993, loss_hard=0.0000
time cost 2.9091460704803467 s
(T) | Epoch=0998, loss=0.0000, loss_hard=-6.9903
time cost 2.915616273880005 s
(T) | Epoch=0999, loss=6.9943, loss_hard=0.0000
time cost 3.012895107269287 s
(T) | Epoch=1000, loss=0.0000, loss_hard=-6.9886
0.7717034190893173
