[2022-07-15 14:14:45] WARNING (root/Thread-2) The OGB package is out of date. Your version is 1.3.2, while the latest version is 1.3.3.
time cost 9.278380393981934 s
(T) | Epoch=0001, loss=9.2901, loss_hard=0.0000
time cost 5.102962970733643 s
(T) | Epoch=0002, loss=9.1027, loss_hard=0.0000
time cost 4.755860328674316 s
(T) | Epoch=0003, loss=9.2681, loss_hard=0.0000
time cost 4.638742685317993 s
(T) | Epoch=0004, loss=8.9132, loss_hard=0.0000
time cost 4.826762437820435 s
(T) | Epoch=0005, loss=8.6865, loss_hard=0.0000
time cost 4.146346092224121 s
(T) | Epoch=0006, loss=8.7713, loss_hard=0.0000
time cost 4.512218952178955 s
(T) | Epoch=0007, loss=8.1825, loss_hard=0.0000
time cost 4.333120346069336 s
(T) | Epoch=0008, loss=8.1590, loss_hard=0.0000
Traceback (most recent call last):
  File "/home/guest/Desktop/kingloon/MCGCL/main copy.py", line 368, in <module>
    loss = train(feature_graph_edge_index, drop_weights1, drop_weights2, args)
  File "/home/guest/Desktop/kingloon/MCGCL/main copy.py", line 65, in train
    loss = model.loss_neg(z1, z2, batch_size=256)
  File "/home/guest/Desktop/kingloon/MCGCL/pHNGCL/model.py", line 205, in loss_neg
    l1 = self.batched_semi_loss_hard_neg(h1, h2, batch_size)
  File "/home/guest/Desktop/kingloon/MCGCL/pHNGCL/model.py", line 163, in batched_semi_loss_hard_neg
    hard_neg_samples = self.generate_hard_neg_samples(z1[mask], z2, between_sim.size()[0])  # [B, num_batch, d] 256,128;  between_sim.size()[0] :256 batch_size
  File "/home/guest/Desktop/kingloon/MCGCL/pHNGCL/model.py", line 85, in generate_hard_neg_samples
    random.shuffle(index) #打乱所有顺序
  File "/home/guest/.conda/envs/General_env/lib/python3.7/random.py", line 278, in shuffle
    x[i], x[j] = x[j], x[i]
KeyboardInterrupt
